[2024-04-14T09:40:13.298+0000] {manager.py:470} INFO - Processing files using up to 2 processes at a time 
[2024-04-14T09:40:13.299+0000] {manager.py:471} INFO - Process each file at most once every 30 seconds
[2024-04-14T09:40:13.301+0000] {manager.py:472} INFO - Checking for new files in /opt/airflow/dags every 300 seconds
[2024-04-14T09:40:13.302+0000] {manager.py:737} INFO - Searching for files in /opt/airflow/dags
[2024-04-14T09:40:13.308+0000] {manager.py:740} INFO - There are 0 files in /opt/airflow/dags
[2024-04-14T09:45:13.933+0000] {manager.py:737} INFO - Searching for files in /opt/airflow/dags
[2024-04-14T09:45:13.979+0000] {manager.py:740} INFO - There are 0 files in /opt/airflow/dags
[2024-04-14T09:50:14.591+0000] {manager.py:737} INFO - Searching for files in /opt/airflow/dags
[2024-04-14T09:50:14.604+0000] {manager.py:740} INFO - There are 0 files in /opt/airflow/dags
[2024-04-14T09:55:15.162+0000] {manager.py:737} INFO - Searching for files in /opt/airflow/dags
[2024-04-14T09:55:15.190+0000] {manager.py:740} INFO - There are 1 files in /opt/airflow/dags
[2024-04-14T09:55:18.585+0000] {manager.py:878} INFO - 
================================================================================
DAG File Processing Stats

File Path                         PID    Runtime      # DAGs    # Errors  Last Runtime    Last Run
--------------------------------  -----  ---------  --------  ----------  --------------  -------------------
/opt/airflow/dags/hello_world.py                           0           0  0.34s           2024-04-14T09:55:15
================================================================================
[2024-04-14T09:55:49.080+0000] {manager.py:878} INFO - 
================================================================================
DAG File Processing Stats

File Path                         PID    Runtime      # DAGs    # Errors  Last Runtime    Last Run
--------------------------------  -----  ---------  --------  ----------  --------------  -------------------
/opt/airflow/dags/hello_world.py                           0           0  0.09s           2024-04-14T09:55:46
================================================================================
[2024-04-14T09:56:19.351+0000] {manager.py:878} INFO - 
================================================================================
DAG File Processing Stats

File Path                         PID    Runtime      # DAGs    # Errors  Last Runtime    Last Run
--------------------------------  -----  ---------  --------  ----------  --------------  -------------------
/opt/airflow/dags/hello_world.py                           0           0  0.07s           2024-04-14T09:56:16
================================================================================
[2024-04-14T09:56:49.571+0000] {manager.py:878} INFO - 
================================================================================
DAG File Processing Stats

File Path                         PID    Runtime      # DAGs    # Errors  Last Runtime    Last Run
--------------------------------  -----  ---------  --------  ----------  --------------  -------------------
/opt/airflow/dags/hello_world.py                           0           0  0.08s           2024-04-14T09:56:46
================================================================================
[2024-04-14T09:57:29.628+0000] {manager.py:878} INFO - 
================================================================================
DAG File Processing Stats

File Path                         PID    Runtime      # DAGs    # Errors  Last Runtime    Last Run
--------------------------------  -----  ---------  --------  ----------  --------------  -------------------
/opt/airflow/dags/hello_world.py                           1           0  0.16s           2024-04-14T09:57:06
================================================================================
[2024-04-14T09:58:23.657+0000] {manager.py:878} INFO - 
================================================================================
DAG File Processing Stats

File Path                           PID  Runtime      # DAGs    # Errors  Last Runtime    Last Run
--------------------------------  -----  ---------  --------  ----------  --------------  -------------------
/opt/airflow/dags/hello_world.py    243  31.36s            1           0  0.16s           2024-04-14T09:57:06
================================================================================
[2024-04-14T09:59:00.371+0000] {manager.py:1203} ERROR - Processor for /opt/airflow/dags/hello_world.py with PID 243 started at 2024-04-14T09:57:48.080579+00:00 has timed out, killing it.
[2024-04-14T09:59:12.990+0000] {manager.py:878} INFO - 
================================================================================
DAG File Processing Stats

File Path                         PID    Runtime      # DAGs    # Errors  Last Runtime    Last Run
--------------------------------  -----  ---------  --------  ----------  --------------  -------------------
/opt/airflow/dags/hello_world.py                           0           1  71.36s          2024-04-14T09:58:59
================================================================================
[2024-04-14T10:01:11.339+0000] {manager.py:737} INFO - Searching for files in /opt/airflow/dags
[2024-04-14T10:01:11.399+0000] {manager.py:740} INFO - There are 1 files in /opt/airflow/dags
[2024-04-14T10:01:11.507+0000] {manager.py:878} INFO - 
================================================================================
DAG File Processing Stats

File Path                           PID  Runtime      # DAGs    # Errors  Last Runtime    Last Run
--------------------------------  -----  ---------  --------  ----------  --------------  -------------------
/opt/airflow/dags/hello_world.py    245  0.01s             1           0  0.64s           2024-04-14T09:59:40
================================================================================
[2024-04-14T10:01:41.729+0000] {manager.py:878} INFO - 
================================================================================
DAG File Processing Stats

File Path                         PID    Runtime      # DAGs    # Errors  Last Runtime    Last Run
--------------------------------  -----  ---------  --------  ----------  --------------  -------------------
/opt/airflow/dags/hello_world.py                           1           0  0.34s           2024-04-14T10:01:11
================================================================================
[2024-04-14T10:02:12.273+0000] {manager.py:878} INFO - 
================================================================================
DAG File Processing Stats

File Path                           PID  Runtime      # DAGs    # Errors  Last Runtime    Last Run
--------------------------------  -----  ---------  --------  ----------  --------------  -------------------
/opt/airflow/dags/hello_world.py    258  0.01s             1           0  0.21s           2024-04-14T10:01:42
================================================================================
[2024-04-14T10:02:42.651+0000] {manager.py:878} INFO - 
================================================================================
DAG File Processing Stats

File Path                           PID  Runtime      # DAGs    # Errors  Last Runtime    Last Run
--------------------------------  -----  ---------  --------  ----------  --------------  -------------------
/opt/airflow/dags/hello_world.py    265  0.00s             1           0  0.17s           2024-04-14T10:02:12
================================================================================
[2024-04-14T10:03:12.865+0000] {manager.py:878} INFO - 
================================================================================
DAG File Processing Stats

File Path                           PID  Runtime      # DAGs    # Errors  Last Runtime    Last Run
--------------------------------  -----  ---------  --------  ----------  --------------  -------------------
/opt/airflow/dags/hello_world.py    272  0.00s             1           0  0.17s           2024-04-14T10:02:42
================================================================================
[2024-04-14T10:04:08.598+0000] {manager.py:878} INFO - 
================================================================================
DAG File Processing Stats

File Path                           PID  Runtime      # DAGs    # Errors  Last Runtime    Last Run
--------------------------------  -----  ---------  --------  ----------  --------------  -------------------
/opt/airflow/dags/hello_world.py    273  1.17s             1           0  0.16s           2024-04-14T10:03:13
================================================================================
[2024-04-14T10:06:39.538+0000] {manager.py:737} INFO - Searching for files in /opt/airflow/dags
[2024-04-14T10:06:39.567+0000] {manager.py:740} INFO - There are 1 files in /opt/airflow/dags
[2024-04-14T10:06:39.867+0000] {manager.py:1203} ERROR - Processor for /opt/airflow/dags/hello_world.py with PID 273 started at 2024-04-14T10:03:55.370056+00:00 has timed out, killing it.
[2024-04-14T10:06:39.881+0000] {manager.py:878} INFO - 
================================================================================
DAG File Processing Stats

File Path                         PID    Runtime      # DAGs    # Errors  Last Runtime    Last Run
--------------------------------  -----  ---------  --------  ----------  --------------  -------------------
/opt/airflow/dags/hello_world.py                           0           1  164.50s         2024-04-14T10:06:39
================================================================================
[2024-04-14T10:06:41.591+0000] {manager.py:452} INFO - Exiting gracefully upon receiving signal 15
[2024-04-14T14:33:27.938+0000] {manager.py:470} INFO - Processing files using up to 2 processes at a time 
[2024-04-14T14:33:27.940+0000] {manager.py:471} INFO - Process each file at most once every 30 seconds
[2024-04-14T14:33:27.943+0000] {manager.py:472} INFO - Checking for new files in /opt/airflow/dags every 300 seconds
[2024-04-14T14:33:27.945+0000] {manager.py:737} INFO - Searching for files in /opt/airflow/dags
[2024-04-14T14:33:28.137+0000] {manager.py:740} INFO - There are 1 files in /opt/airflow/dags
[2024-04-14T14:33:28.355+0000] {manager.py:878} INFO - 
================================================================================
DAG File Processing Stats

File Path                           PID  Runtime      # DAGs    # Errors  Last Runtime    Last Run
--------------------------------  -----  ---------  --------  ----------  --------------  ----------
/opt/airflow/dags/hello_world.py     30  0.13s             0           0
================================================================================
[2024-04-14T14:33:58.584+0000] {manager.py:878} INFO - 
================================================================================
DAG File Processing Stats

File Path                         PID    Runtime      # DAGs    # Errors  Last Runtime    Last Run
--------------------------------  -----  ---------  --------  ----------  --------------  -------------------
/opt/airflow/dags/hello_world.py                           1           0  0.70s           2024-04-14T14:33:28
================================================================================
[2024-04-14T14:34:29.025+0000] {manager.py:878} INFO - 
================================================================================
DAG File Processing Stats

File Path                         PID    Runtime      # DAGs    # Errors  Last Runtime    Last Run
--------------------------------  -----  ---------  --------  ----------  --------------  -------------------
/opt/airflow/dags/hello_world.py                           1           0  1.13s           2024-04-14T14:34:00
================================================================================
[2024-04-14T14:34:59.331+0000] {manager.py:878} INFO - 
================================================================================
DAG File Processing Stats

File Path                         PID    Runtime      # DAGs    # Errors  Last Runtime    Last Run
--------------------------------  -----  ---------  --------  ----------  --------------  -------------------
/opt/airflow/dags/hello_world.py                           1           0  0.24s           2024-04-14T14:34:31
================================================================================
[2024-04-14T14:35:29.683+0000] {manager.py:878} INFO - 
================================================================================
DAG File Processing Stats

File Path                         PID    Runtime      # DAGs    # Errors  Last Runtime    Last Run
--------------------------------  -----  ---------  --------  ----------  --------------  -------------------
/opt/airflow/dags/hello_world.py                           1           0  0.18s           2024-04-14T14:35:01
================================================================================
[2024-04-14T14:35:59.964+0000] {manager.py:878} INFO - 
================================================================================
DAG File Processing Stats

File Path                         PID    Runtime      # DAGs    # Errors  Last Runtime    Last Run
--------------------------------  -----  ---------  --------  ----------  --------------  -------------------
/opt/airflow/dags/hello_world.py                           1           0  0.16s           2024-04-14T14:35:31
================================================================================
[2024-04-14T14:36:30.270+0000] {manager.py:878} INFO - 
================================================================================
DAG File Processing Stats

File Path                         PID    Runtime      # DAGs    # Errors  Last Runtime    Last Run
--------------------------------  -----  ---------  --------  ----------  --------------  -------------------
/opt/airflow/dags/hello_world.py                           1           0  0.18s           2024-04-14T14:36:02
================================================================================
[2024-04-14T14:37:00.574+0000] {manager.py:878} INFO - 
================================================================================
DAG File Processing Stats

File Path                         PID    Runtime      # DAGs    # Errors  Last Runtime    Last Run
--------------------------------  -----  ---------  --------  ----------  --------------  -------------------
/opt/airflow/dags/hello_world.py                           1           0  0.35s           2024-04-14T14:36:32
================================================================================
[2024-04-14T14:37:31.035+0000] {manager.py:878} INFO - 
================================================================================
DAG File Processing Stats

File Path                         PID    Runtime      # DAGs    # Errors  Last Runtime    Last Run
--------------------------------  -----  ---------  --------  ----------  --------------  -------------------
/opt/airflow/dags/hello_world.py                           1           0  0.17s           2024-04-14T14:37:03
================================================================================
[2024-04-14T14:38:01.387+0000] {manager.py:878} INFO - 
================================================================================
DAG File Processing Stats

File Path                         PID    Runtime      # DAGs    # Errors  Last Runtime    Last Run
--------------------------------  -----  ---------  --------  ----------  --------------  -------------------
/opt/airflow/dags/hello_world.py                           1           0  0.18s           2024-04-14T14:37:33
================================================================================
[2024-04-14T14:38:28.607+0000] {manager.py:737} INFO - Searching for files in /opt/airflow/dags
[2024-04-14T14:38:28.646+0000] {manager.py:740} INFO - There are 1 files in /opt/airflow/dags
[2024-04-14T14:38:31.698+0000] {manager.py:878} INFO - 
================================================================================
DAG File Processing Stats

File Path                         PID    Runtime      # DAGs    # Errors  Last Runtime    Last Run
--------------------------------  -----  ---------  --------  ----------  --------------  -------------------
/opt/airflow/dags/hello_world.py                           1           0  0.15s           2024-04-14T14:38:03
================================================================================
[2024-04-14T14:39:01.960+0000] {manager.py:878} INFO - 
================================================================================
DAG File Processing Stats

File Path                         PID    Runtime      # DAGs    # Errors  Last Runtime    Last Run
--------------------------------  -----  ---------  --------  ----------  --------------  -------------------
/opt/airflow/dags/hello_world.py                           1           0  0.15s           2024-04-14T14:38:33
================================================================================
[2024-04-14T14:39:32.295+0000] {manager.py:878} INFO - 
================================================================================
DAG File Processing Stats

File Path                         PID    Runtime      # DAGs    # Errors  Last Runtime    Last Run
--------------------------------  -----  ---------  --------  ----------  --------------  -------------------
/opt/airflow/dags/hello_world.py                           1           0  0.15s           2024-04-14T14:39:04
================================================================================
[2024-04-14T14:40:02.528+0000] {manager.py:878} INFO - 
================================================================================
DAG File Processing Stats

File Path                         PID    Runtime      # DAGs    # Errors  Last Runtime    Last Run
--------------------------------  -----  ---------  --------  ----------  --------------  -------------------
/opt/airflow/dags/hello_world.py                           1           0  0.15s           2024-04-14T14:39:34
================================================================================
[2024-04-14T14:40:32.870+0000] {manager.py:878} INFO - 
================================================================================
DAG File Processing Stats

File Path                         PID    Runtime      # DAGs    # Errors  Last Runtime    Last Run
--------------------------------  -----  ---------  --------  ----------  --------------  -------------------
/opt/airflow/dags/hello_world.py                           1           0  0.15s           2024-04-14T14:40:04
================================================================================
[2024-04-14T14:41:03.105+0000] {manager.py:878} INFO - 
================================================================================
DAG File Processing Stats

File Path                         PID    Runtime      # DAGs    # Errors  Last Runtime    Last Run
--------------------------------  -----  ---------  --------  ----------  --------------  -------------------
/opt/airflow/dags/hello_world.py                           1           0  0.16s           2024-04-14T14:40:35
================================================================================
[2024-04-14T14:41:33.448+0000] {manager.py:878} INFO - 
================================================================================
DAG File Processing Stats

File Path                         PID    Runtime      # DAGs    # Errors  Last Runtime    Last Run
--------------------------------  -----  ---------  --------  ----------  --------------  -------------------
/opt/airflow/dags/hello_world.py                           1           0  0.18s           2024-04-14T14:41:05
================================================================================
[2024-04-14T14:42:03.684+0000] {manager.py:878} INFO - 
================================================================================
DAG File Processing Stats

File Path                         PID    Runtime      # DAGs    # Errors  Last Runtime    Last Run
--------------------------------  -----  ---------  --------  ----------  --------------  -------------------
/opt/airflow/dags/hello_world.py                           1           0  0.14s           2024-04-14T14:41:35
================================================================================
[2024-04-14T14:42:34.002+0000] {manager.py:878} INFO - 
================================================================================
DAG File Processing Stats

File Path                         PID    Runtime      # DAGs    # Errors  Last Runtime    Last Run
--------------------------------  -----  ---------  --------  ----------  --------------  -------------------
/opt/airflow/dags/hello_world.py                           1           0  0.15s           2024-04-14T14:42:05
================================================================================
[2024-04-14T14:43:04.241+0000] {manager.py:878} INFO - 
================================================================================
DAG File Processing Stats

File Path                         PID    Runtime      # DAGs    # Errors  Last Runtime    Last Run
--------------------------------  -----  ---------  --------  ----------  --------------  -------------------
/opt/airflow/dags/hello_world.py                           1           0  0.16s           2024-04-14T14:42:36
================================================================================
[2024-04-14T14:43:29.514+0000] {manager.py:737} INFO - Searching for files in /opt/airflow/dags
[2024-04-14T14:43:29.571+0000] {manager.py:740} INFO - There are 1 files in /opt/airflow/dags
[2024-04-14T14:43:34.623+0000] {manager.py:878} INFO - 
================================================================================
DAG File Processing Stats

File Path                         PID    Runtime      # DAGs    # Errors  Last Runtime    Last Run
--------------------------------  -----  ---------  --------  ----------  --------------  -------------------
/opt/airflow/dags/hello_world.py                           1           0  0.18s           2024-04-14T14:43:06
================================================================================
[2024-04-14T14:44:04.836+0000] {manager.py:878} INFO - 
================================================================================
DAG File Processing Stats

File Path                         PID    Runtime      # DAGs    # Errors  Last Runtime    Last Run
--------------------------------  -----  ---------  --------  ----------  --------------  -------------------
/opt/airflow/dags/hello_world.py                           1           0  0.15s           2024-04-14T14:43:36
================================================================================
[2024-04-14T14:44:35.254+0000] {manager.py:878} INFO - 
================================================================================
DAG File Processing Stats

File Path                         PID    Runtime      # DAGs    # Errors  Last Runtime    Last Run
--------------------------------  -----  ---------  --------  ----------  --------------  -------------------
/opt/airflow/dags/hello_world.py                           1           0  0.41s           2024-04-14T14:44:07
================================================================================
[2024-04-14T14:45:05.636+0000] {manager.py:878} INFO - 
================================================================================
DAG File Processing Stats

File Path                         PID    Runtime      # DAGs    # Errors  Last Runtime    Last Run
--------------------------------  -----  ---------  --------  ----------  --------------  -------------------
/opt/airflow/dags/hello_world.py                           1           0  0.15s           2024-04-14T14:44:37
================================================================================
[2024-04-14T14:45:35.989+0000] {manager.py:878} INFO - 
================================================================================
DAG File Processing Stats

File Path                         PID    Runtime      # DAGs    # Errors  Last Runtime    Last Run
--------------------------------  -----  ---------  --------  ----------  --------------  -------------------
/opt/airflow/dags/hello_world.py                           1           0  0.15s           2024-04-14T14:45:07
================================================================================
[2024-04-14T14:46:06.235+0000] {manager.py:878} INFO - 
================================================================================
DAG File Processing Stats

File Path                         PID    Runtime      # DAGs    # Errors  Last Runtime    Last Run
--------------------------------  -----  ---------  --------  ----------  --------------  -------------------
/opt/airflow/dags/hello_world.py                           1           0  0.16s           2024-04-14T14:45:38
================================================================================
[2024-04-14T14:46:36.537+0000] {manager.py:878} INFO - 
================================================================================
DAG File Processing Stats

File Path                         PID    Runtime      # DAGs    # Errors  Last Runtime    Last Run
--------------------------------  -----  ---------  --------  ----------  --------------  -------------------
/opt/airflow/dags/hello_world.py                           1           0  0.15s           2024-04-14T14:46:08
================================================================================
[2024-04-14T14:47:06.762+0000] {manager.py:878} INFO - 
================================================================================
DAG File Processing Stats

File Path                         PID    Runtime      # DAGs    # Errors  Last Runtime    Last Run
--------------------------------  -----  ---------  --------  ----------  --------------  -------------------
/opt/airflow/dags/hello_world.py                           1           0  0.18s           2024-04-14T14:46:38
================================================================================
[2024-04-14T14:47:37.130+0000] {manager.py:878} INFO - 
================================================================================
DAG File Processing Stats

File Path                         PID    Runtime      # DAGs    # Errors  Last Runtime    Last Run
--------------------------------  -----  ---------  --------  ----------  --------------  -------------------
/opt/airflow/dags/hello_world.py                           1           0  0.37s           2024-04-14T14:47:09
================================================================================
[2024-04-14T14:48:07.537+0000] {manager.py:878} INFO - 
================================================================================
DAG File Processing Stats

File Path                         PID    Runtime      # DAGs    # Errors  Last Runtime    Last Run
--------------------------------  -----  ---------  --------  ----------  --------------  -------------------
/opt/airflow/dags/hello_world.py                           1           0  0.18s           2024-04-14T14:47:39
================================================================================
[2024-04-14T14:48:29.835+0000] {manager.py:737} INFO - Searching for files in /opt/airflow/dags
[2024-04-14T14:48:29.883+0000] {manager.py:740} INFO - There are 2 files in /opt/airflow/dags
[2024-04-14T14:48:37.847+0000] {manager.py:878} INFO - 
================================================================================
DAG File Processing Stats

File Path                               PID    Runtime      # DAGs    # Errors  Last Runtime    Last Run
--------------------------------------  -----  ---------  --------  ----------  --------------  -------------------
/opt/airflow/dags/print_super_store.py                           1           0  3.89s           2024-04-14T14:48:33
/opt/airflow/dags/hello_world.py                                 1           0  0.17s           2024-04-14T14:48:09
================================================================================
[2024-04-14T14:49:07.931+0000] {manager.py:878} INFO - 
================================================================================
DAG File Processing Stats

File Path                               PID    Runtime      # DAGs    # Errors  Last Runtime    Last Run
--------------------------------------  -----  ---------  --------  ----------  --------------  -------------------
/opt/airflow/dags/print_super_store.py                           1           0  0.83s           2024-04-14T14:49:06
/opt/airflow/dags/hello_world.py                                 1           0  0.13s           2024-04-14T14:48:39
================================================================================
[2024-04-14T14:49:38.736+0000] {manager.py:878} INFO - 
================================================================================
DAG File Processing Stats

File Path                               PID    Runtime      # DAGs    # Errors  Last Runtime    Last Run
--------------------------------------  -----  ---------  --------  ----------  --------------  -------------------
/opt/airflow/dags/print_super_store.py                           1           0  0.75s           2024-04-14T14:49:26
/opt/airflow/dags/hello_world.py                                 1           0  0.47s           2024-04-14T14:49:10
================================================================================
[2024-04-14T14:50:08.953+0000] {manager.py:878} INFO - 
================================================================================
DAG File Processing Stats

File Path                               PID    Runtime      # DAGs    # Errors  Last Runtime    Last Run
--------------------------------------  -----  ---------  --------  ----------  --------------  -------------------
/opt/airflow/dags/print_super_store.py                           1           0  0.76s           2024-04-14T14:49:57
/opt/airflow/dags/hello_world.py                                 1           0  0.17s           2024-04-14T14:49:40
================================================================================
[2024-04-14T14:50:39.359+0000] {manager.py:878} INFO - 
================================================================================
DAG File Processing Stats

File Path                               PID    Runtime      # DAGs    # Errors  Last Runtime    Last Run
--------------------------------------  -----  ---------  --------  ----------  --------------  -------------------
/opt/airflow/dags/print_super_store.py                           1           0  1.29s           2024-04-14T14:50:29
/opt/airflow/dags/hello_world.py                                 1           0  0.17s           2024-04-14T14:50:11
================================================================================
[2024-04-14T14:51:09.518+0000] {manager.py:878} INFO - 
================================================================================
DAG File Processing Stats

File Path                               PID    Runtime      # DAGs    # Errors  Last Runtime    Last Run
--------------------------------------  -----  ---------  --------  ----------  --------------  -------------------
/opt/airflow/dags/print_super_store.py                           1           0  0.74s           2024-04-14T14:51:00
/opt/airflow/dags/hello_world.py                                 1           0  0.29s           2024-04-14T14:50:41
================================================================================
[2024-04-14T14:51:39.951+0000] {manager.py:878} INFO - 
================================================================================
DAG File Processing Stats

File Path                               PID    Runtime      # DAGs    # Errors  Last Runtime    Last Run
--------------------------------------  -----  ---------  --------  ----------  --------------  -------------------
/opt/airflow/dags/print_super_store.py                           1           0  0.79s           2024-04-14T14:51:31
/opt/airflow/dags/hello_world.py                                 1           0  0.15s           2024-04-14T14:51:12
================================================================================
[2024-04-14T14:52:10.214+0000] {manager.py:878} INFO - 
================================================================================
DAG File Processing Stats

File Path                               PID    Runtime      # DAGs    # Errors  Last Runtime    Last Run
--------------------------------------  -----  ---------  --------  ----------  --------------  -------------------
/opt/airflow/dags/print_super_store.py                           1           0  0.65s           2024-04-14T14:52:03
/opt/airflow/dags/hello_world.py                                 1           0  0.19s           2024-04-14T14:51:42
================================================================================
[2024-04-14T14:52:40.237+0000] {manager.py:878} INFO - 
================================================================================
DAG File Processing Stats

File Path                               PID    Runtime      # DAGs    # Errors  Last Runtime    Last Run
--------------------------------------  -----  ---------  --------  ----------  --------------  -------------------
/opt/airflow/dags/print_super_store.py                           1           0  0.68s           2024-04-14T14:52:33
/opt/airflow/dags/hello_world.py                                 1           0  0.24s           2024-04-14T14:52:13
================================================================================
[2024-04-14T14:53:10.246+0000] {manager.py:878} INFO - 
================================================================================
DAG File Processing Stats

File Path                               PID    Runtime      # DAGs    # Errors  Last Runtime    Last Run
--------------------------------------  -----  ---------  --------  ----------  --------------  -------------------
/opt/airflow/dags/print_super_store.py                           1           0  0.74s           2024-04-14T14:53:05
/opt/airflow/dags/hello_world.py                                 1           0  0.14s           2024-04-14T14:52:43
================================================================================
[2024-04-14T14:53:29.925+0000] {manager.py:737} INFO - Searching for files in /opt/airflow/dags
[2024-04-14T14:53:29.980+0000] {manager.py:740} INFO - There are 2 files in /opt/airflow/dags
[2024-04-14T14:53:40.817+0000] {manager.py:878} INFO - 
================================================================================
DAG File Processing Stats

File Path                               PID    Runtime      # DAGs    # Errors  Last Runtime    Last Run
--------------------------------------  -----  ---------  --------  ----------  --------------  -------------------
/opt/airflow/dags/print_super_store.py                           1           0  0.92s           2024-04-14T14:53:24
/opt/airflow/dags/hello_world.py                                 1           0  0.14s           2024-04-14T14:53:13
================================================================================
[2024-04-14T14:54:11.348+0000] {manager.py:878} INFO - 
================================================================================
DAG File Processing Stats

File Path                               PID    Runtime      # DAGs    # Errors  Last Runtime    Last Run
--------------------------------------  -----  ---------  --------  ----------  --------------  -------------------
/opt/airflow/dags/print_super_store.py                           1           0  0.75s           2024-04-14T14:53:43
/opt/airflow/dags/hello_world.py                                 1           0  0.26s           2024-04-14T14:53:44
================================================================================
[2024-04-14T14:54:41.414+0000] {manager.py:878} INFO - 
================================================================================
DAG File Processing Stats

File Path                               PID    Runtime      # DAGs    # Errors  Last Runtime    Last Run
--------------------------------------  -----  ---------  --------  ----------  --------------  -------------------
/opt/airflow/dags/print_super_store.py                           1           0  0.68s           2024-04-14T14:54:39
/opt/airflow/dags/hello_world.py                                 1           0  0.15s           2024-04-14T14:54:14
================================================================================
[2024-04-14T14:55:11.879+0000] {manager.py:878} INFO - 
================================================================================
DAG File Processing Stats

File Path                               PID    Runtime      # DAGs    # Errors  Last Runtime    Last Run
--------------------------------------  -----  ---------  --------  ----------  --------------  -------------------
/opt/airflow/dags/print_super_store.py                           0           1  0.93s           2024-04-14T14:54:57
/opt/airflow/dags/hello_world.py                                 1           0  0.23s           2024-04-14T14:54:45
================================================================================
[2024-04-14T14:55:42.383+0000] {manager.py:878} INFO - 
================================================================================
DAG File Processing Stats

File Path                               PID    Runtime      # DAGs    # Errors  Last Runtime    Last Run
--------------------------------------  -----  ---------  --------  ----------  --------------  -------------------
/opt/airflow/dags/print_super_store.py                           0           1  0.66s           2024-04-14T14:55:26
/opt/airflow/dags/hello_world.py                                 1           0  0.24s           2024-04-14T14:55:16
================================================================================
[2024-04-14T14:56:12.427+0000] {manager.py:878} INFO - 
================================================================================
DAG File Processing Stats

File Path                               PID    Runtime      # DAGs    # Errors  Last Runtime    Last Run
--------------------------------------  -----  ---------  --------  ----------  --------------  -------------------
/opt/airflow/dags/print_super_store.py                           1           0  0.97s           2024-04-14T14:56:01
/opt/airflow/dags/hello_world.py                                 1           0  0.15s           2024-04-14T14:55:46
================================================================================
[2024-04-14T14:56:43.013+0000] {manager.py:878} INFO - 
================================================================================
DAG File Processing Stats

File Path                               PID    Runtime      # DAGs    # Errors  Last Runtime    Last Run
--------------------------------------  -----  ---------  --------  ----------  --------------  -------------------
/opt/airflow/dags/print_super_store.py                           1           0  5.17s           2024-04-14T14:56:37
/opt/airflow/dags/hello_world.py                                 1           0  0.25s           2024-04-14T14:56:17
================================================================================
[2024-04-14T14:57:13.575+0000] {manager.py:878} INFO - 
================================================================================
DAG File Processing Stats

File Path                               PID    Runtime      # DAGs    # Errors  Last Runtime    Last Run
--------------------------------------  -----  ---------  --------  ----------  --------------  -------------------
/opt/airflow/dags/print_super_store.py                           1           0  1.12s           2024-04-14T14:57:08
/opt/airflow/dags/hello_world.py                                 1           0  0.17s           2024-04-14T14:56:47
================================================================================
[2024-04-14T14:57:44.002+0000] {manager.py:878} INFO - 
================================================================================
DAG File Processing Stats

File Path                               PID    Runtime      # DAGs    # Errors  Last Runtime    Last Run
--------------------------------------  -----  ---------  --------  ----------  --------------  -------------------
/opt/airflow/dags/print_super_store.py                           1           0  1.11s           2024-04-14T14:57:34
/opt/airflow/dags/hello_world.py                                 1           0  0.18s           2024-04-14T14:57:17
================================================================================
[2024-04-14T14:58:24.761+0000] {manager.py:878} INFO - 
================================================================================
DAG File Processing Stats

File Path                                 PID  Runtime      # DAGs    # Errors  Last Runtime    Last Run
--------------------------------------  -----  ---------  --------  ----------  --------------  -------------------
/opt/airflow/dags/print_super_store.py    427  2.93s             1           0  1.11s           2024-04-14T14:57:34
/opt/airflow/dags/hello_world.py          428  1.33s             1           0  0.19s           2024-04-14T14:57:48
================================================================================
[2024-04-14T14:58:37.591+0000] {manager.py:737} INFO - Searching for files in /opt/airflow/dags
[2024-04-14T14:58:37.645+0000] {manager.py:740} INFO - There are 2 files in /opt/airflow/dags
[2024-04-14T14:58:38.728+0000] {manager.py:1128} WARNING - Skipping processing of missing file: /opt/airflow/dags/print_super_store.py
[2024-04-14T14:58:38.743+0000] {manager.py:990} WARNING - Stopping processor for /opt/airflow/dags/print_super_store.py
[2024-04-14T14:58:38.845+0000] {manager.py:452} INFO - Exiting gracefully upon receiving signal 15
[2024-04-14T15:00:36.249+0000] {manager.py:470} INFO - Processing files using up to 2 processes at a time 
[2024-04-14T15:00:36.250+0000] {manager.py:471} INFO - Process each file at most once every 30 seconds
[2024-04-14T15:00:36.252+0000] {manager.py:472} INFO - Checking for new files in /opt/airflow/dags every 300 seconds
[2024-04-14T15:00:36.253+0000] {manager.py:737} INFO - Searching for files in /opt/airflow/dags
[2024-04-14T15:00:36.286+0000] {manager.py:740} INFO - There are 1 files in /opt/airflow/dags
[2024-04-14T15:00:36.523+0000] {manager.py:878} INFO - 
================================================================================
DAG File Processing Stats

File Path                           PID  Runtime      # DAGs    # Errors  Last Runtime    Last Run
--------------------------------  -----  ---------  --------  ----------  --------------  ----------
/opt/airflow/dags/hello_world.py    431  0.03s             0           0
================================================================================
[2024-04-14T15:00:41.233+0000] {manager.py:452} INFO - Exiting gracefully upon receiving signal 15
