[2024-04-14T14:43:58.586+0000] {local_task_job_runner.py:120} INFO - ::group::Pre task execution logs
[2024-04-14T14:43:58.614+0000] {taskinstance.py:2073} INFO - Dependencies all met for dep_context=non-requeueable deps ti=<TaskInstance: hello_world.hello_world manual__2024-04-14T14:36:15.179477+00:00 [queued]>
[2024-04-14T14:43:58.626+0000] {taskinstance.py:2073} INFO - Dependencies all met for dep_context=requeueable deps ti=<TaskInstance: hello_world.hello_world manual__2024-04-14T14:36:15.179477+00:00 [queued]>
[2024-04-14T14:43:58.627+0000] {taskinstance.py:2303} INFO - Starting attempt 1 of 1
[2024-04-14T14:43:58.648+0000] {taskinstance.py:2327} INFO - Executing <Task(BashOperator): hello_world> on 2024-04-14 14:36:15.179477+00:00
[2024-04-14T14:43:58.656+0000] {warnings.py:110} WARNING - /home/***/.local/lib/python3.12/site-packages/***/task/task_runner/standard_task_runner.py:61: DeprecationWarning: This process (pid=185) is multi-threaded, use of fork() may lead to deadlocks in the child.
  pid = os.fork()

[2024-04-14T14:43:58.659+0000] {standard_task_runner.py:63} INFO - Started process 186 to run task
[2024-04-14T14:43:58.659+0000] {standard_task_runner.py:90} INFO - Running: ['***', 'tasks', 'run', 'hello_world', 'hello_world', 'manual__2024-04-14T14:36:15.179477+00:00', '--job-id', '4', '--raw', '--subdir', 'DAGS_FOLDER/hello_world.py', '--cfg-path', '/tmp/tmpmjblmgbj']
[2024-04-14T14:43:58.662+0000] {standard_task_runner.py:91} INFO - Job 4: Subtask hello_world
[2024-04-14T14:43:58.724+0000] {task_command.py:426} INFO - Running <TaskInstance: hello_world.hello_world manual__2024-04-14T14:36:15.179477+00:00 [running]> on host 8622fa8cbed1
[2024-04-14T14:43:58.869+0000] {taskinstance.py:2644} INFO - Exporting env vars: AIRFLOW_CTX_DAG_OWNER='alexeevkv' AIRFLOW_CTX_DAG_ID='hello_world' AIRFLOW_CTX_TASK_ID='hello_world' AIRFLOW_CTX_EXECUTION_DATE='2024-04-14T14:36:15.179477+00:00' AIRFLOW_CTX_TRY_NUMBER='1' AIRFLOW_CTX_DAG_RUN_ID='manual__2024-04-14T14:36:15.179477+00:00'
[2024-04-14T14:43:58.870+0000] {taskinstance.py:430} INFO - ::endgroup::
[2024-04-14T14:43:58.894+0000] {subprocess.py:63} INFO - Tmp dir root location: /tmp
[2024-04-14T14:43:58.896+0000] {subprocess.py:75} INFO - Running command: ['/usr/bin/bash', '-c', 'echo hello world!']
[2024-04-14T14:43:58.911+0000] {subprocess.py:86} INFO - Output:
[2024-04-14T14:43:58.915+0000] {subprocess.py:93} INFO - hello world!
[2024-04-14T14:43:58.916+0000] {subprocess.py:97} INFO - Command exited with return code 0
[2024-04-14T14:43:58.917+0000] {taskinstance.py:441} INFO - ::group::Post task execution logs
[2024-04-14T14:43:58.958+0000] {taskinstance.py:1205} INFO - Marking task as SUCCESS. dag_id=hello_world, task_id=hello_world, execution_date=20240414T143615, start_date=20240414T144358, end_date=20240414T144358
[2024-04-14T14:43:58.995+0000] {local_task_job_runner.py:240} INFO - Task exited with return code 0
[2024-04-14T14:43:59.022+0000] {taskinstance.py:3482} INFO - 0 downstream tasks scheduled from follow-on schedule check
[2024-04-14T14:43:59.026+0000] {local_task_job_runner.py:222} INFO - ::endgroup::
