[2024-04-17T07:29:19.437+0000] {processor.py:161} INFO - Started process (PID=30) to work on /opt/airflow/dags/hello_world.py
[2024-04-17T07:29:19.440+0000] {processor.py:830} INFO - Processing file /opt/airflow/dags/hello_world.py for tasks to queue
[2024-04-17T07:29:19.453+0000] {logging_mixin.py:188} INFO - [2024-04-17T07:29:19.452+0000] {dagbag.py:540} INFO - Filling up the DagBag from /opt/airflow/dags/hello_world.py
[2024-04-17T07:29:19.534+0000] {processor.py:840} INFO - DAG(s) 'hello_world' retrieved from /opt/airflow/dags/hello_world.py
[2024-04-17T07:29:19.981+0000] {logging_mixin.py:188} INFO - [2024-04-17T07:29:19.980+0000] {dag.py:3096} INFO - Sync 1 DAGs
[2024-04-17T07:29:20.062+0000] {logging_mixin.py:188} INFO - [2024-04-17T07:29:20.062+0000] {dag.py:3954} INFO - Setting next_dagrun for hello_world to 2024-04-16 00:00:00+00:00, run_after=2024-04-17 00:00:00+00:00
[2024-04-17T07:29:20.105+0000] {processor.py:183} INFO - Processing /opt/airflow/dags/hello_world.py took 0.692 seconds
[2024-04-17T07:29:50.266+0000] {processor.py:161} INFO - Started process (PID=39) to work on /opt/airflow/dags/hello_world.py
[2024-04-17T07:29:50.267+0000] {processor.py:830} INFO - Processing file /opt/airflow/dags/hello_world.py for tasks to queue
[2024-04-17T07:29:50.271+0000] {logging_mixin.py:188} INFO - [2024-04-17T07:29:50.271+0000] {dagbag.py:540} INFO - Filling up the DagBag from /opt/airflow/dags/hello_world.py
[2024-04-17T07:29:50.319+0000] {processor.py:840} INFO - DAG(s) 'hello_world' retrieved from /opt/airflow/dags/hello_world.py
[2024-04-17T07:29:50.408+0000] {logging_mixin.py:188} INFO - [2024-04-17T07:29:50.408+0000] {dag.py:3096} INFO - Sync 1 DAGs
[2024-04-17T07:29:50.537+0000] {logging_mixin.py:188} INFO - [2024-04-17T07:29:50.536+0000] {dag.py:3954} INFO - Setting next_dagrun for hello_world to 2024-04-16 00:00:00+00:00, run_after=2024-04-17 00:00:00+00:00
[2024-04-17T07:29:50.581+0000] {processor.py:183} INFO - Processing /opt/airflow/dags/hello_world.py took 0.327 seconds
[2024-04-17T07:30:21.501+0000] {processor.py:161} INFO - Started process (PID=54) to work on /opt/airflow/dags/hello_world.py
[2024-04-17T07:30:21.503+0000] {processor.py:830} INFO - Processing file /opt/airflow/dags/hello_world.py for tasks to queue
[2024-04-17T07:30:21.509+0000] {logging_mixin.py:188} INFO - [2024-04-17T07:30:21.505+0000] {dagbag.py:540} INFO - Filling up the DagBag from /opt/airflow/dags/hello_world.py
[2024-04-17T07:30:21.554+0000] {processor.py:840} INFO - DAG(s) 'hello_world' retrieved from /opt/airflow/dags/hello_world.py
[2024-04-17T07:30:21.608+0000] {logging_mixin.py:188} INFO - [2024-04-17T07:30:21.608+0000] {dag.py:3096} INFO - Sync 1 DAGs
[2024-04-17T07:30:21.640+0000] {logging_mixin.py:188} INFO - [2024-04-17T07:30:21.639+0000] {dag.py:3954} INFO - Setting next_dagrun for hello_world to 2024-04-16 00:00:00+00:00, run_after=2024-04-17 00:00:00+00:00
[2024-04-17T07:30:21.664+0000] {processor.py:183} INFO - Processing /opt/airflow/dags/hello_world.py took 0.172 seconds
[2024-04-17T07:30:52.002+0000] {processor.py:161} INFO - Started process (PID=64) to work on /opt/airflow/dags/hello_world.py
[2024-04-17T07:30:52.004+0000] {processor.py:830} INFO - Processing file /opt/airflow/dags/hello_world.py for tasks to queue
[2024-04-17T07:30:52.007+0000] {logging_mixin.py:188} INFO - [2024-04-17T07:30:52.007+0000] {dagbag.py:540} INFO - Filling up the DagBag from /opt/airflow/dags/hello_world.py
[2024-04-17T07:30:52.037+0000] {processor.py:840} INFO - DAG(s) 'hello_world' retrieved from /opt/airflow/dags/hello_world.py
[2024-04-17T07:30:52.072+0000] {logging_mixin.py:188} INFO - [2024-04-17T07:30:52.072+0000] {dag.py:3096} INFO - Sync 1 DAGs
[2024-04-17T07:30:52.098+0000] {logging_mixin.py:188} INFO - [2024-04-17T07:30:52.098+0000] {dag.py:3954} INFO - Setting next_dagrun for hello_world to 2024-04-16 00:00:00+00:00, run_after=2024-04-17 00:00:00+00:00
[2024-04-17T07:30:52.123+0000] {processor.py:183} INFO - Processing /opt/airflow/dags/hello_world.py took 0.130 seconds
[2024-04-17T07:31:22.421+0000] {processor.py:161} INFO - Started process (PID=72) to work on /opt/airflow/dags/hello_world.py
[2024-04-17T07:31:22.423+0000] {processor.py:830} INFO - Processing file /opt/airflow/dags/hello_world.py for tasks to queue
[2024-04-17T07:31:22.425+0000] {logging_mixin.py:188} INFO - [2024-04-17T07:31:22.425+0000] {dagbag.py:540} INFO - Filling up the DagBag from /opt/airflow/dags/hello_world.py
[2024-04-17T07:31:22.462+0000] {processor.py:840} INFO - DAG(s) 'hello_world' retrieved from /opt/airflow/dags/hello_world.py
[2024-04-17T07:31:22.528+0000] {logging_mixin.py:188} INFO - [2024-04-17T07:31:22.528+0000] {dag.py:3096} INFO - Sync 1 DAGs
[2024-04-17T07:31:22.556+0000] {logging_mixin.py:188} INFO - [2024-04-17T07:31:22.555+0000] {dag.py:3954} INFO - Setting next_dagrun for hello_world to 2024-04-16 00:00:00+00:00, run_after=2024-04-17 00:00:00+00:00
[2024-04-17T07:31:22.583+0000] {processor.py:183} INFO - Processing /opt/airflow/dags/hello_world.py took 0.170 seconds
[2024-04-17T07:31:52.830+0000] {processor.py:161} INFO - Started process (PID=83) to work on /opt/airflow/dags/hello_world.py
[2024-04-17T07:31:52.831+0000] {processor.py:830} INFO - Processing file /opt/airflow/dags/hello_world.py for tasks to queue
[2024-04-17T07:31:52.835+0000] {logging_mixin.py:188} INFO - [2024-04-17T07:31:52.834+0000] {dagbag.py:540} INFO - Filling up the DagBag from /opt/airflow/dags/hello_world.py
[2024-04-17T07:31:52.867+0000] {processor.py:840} INFO - DAG(s) 'hello_world' retrieved from /opt/airflow/dags/hello_world.py
[2024-04-17T07:31:52.907+0000] {logging_mixin.py:188} INFO - [2024-04-17T07:31:52.907+0000] {dag.py:3096} INFO - Sync 1 DAGs
[2024-04-17T07:31:52.941+0000] {logging_mixin.py:188} INFO - [2024-04-17T07:31:52.940+0000] {dag.py:3954} INFO - Setting next_dagrun for hello_world to 2024-04-16 00:00:00+00:00, run_after=2024-04-17 00:00:00+00:00
[2024-04-17T07:31:52.962+0000] {processor.py:183} INFO - Processing /opt/airflow/dags/hello_world.py took 0.141 seconds
[2024-04-17T07:32:23.401+0000] {processor.py:161} INFO - Started process (PID=95) to work on /opt/airflow/dags/hello_world.py
[2024-04-17T07:32:23.402+0000] {processor.py:830} INFO - Processing file /opt/airflow/dags/hello_world.py for tasks to queue
[2024-04-17T07:32:23.407+0000] {logging_mixin.py:188} INFO - [2024-04-17T07:32:23.405+0000] {dagbag.py:540} INFO - Filling up the DagBag from /opt/airflow/dags/hello_world.py
[2024-04-17T07:32:23.445+0000] {processor.py:840} INFO - DAG(s) 'hello_world' retrieved from /opt/airflow/dags/hello_world.py
[2024-04-17T07:32:23.485+0000] {logging_mixin.py:188} INFO - [2024-04-17T07:32:23.485+0000] {dag.py:3096} INFO - Sync 1 DAGs
[2024-04-17T07:32:23.514+0000] {logging_mixin.py:188} INFO - [2024-04-17T07:32:23.514+0000] {dag.py:3954} INFO - Setting next_dagrun for hello_world to 2024-04-16 00:00:00+00:00, run_after=2024-04-17 00:00:00+00:00
[2024-04-17T07:32:23.540+0000] {processor.py:183} INFO - Processing /opt/airflow/dags/hello_world.py took 0.150 seconds
[2024-04-17T07:32:53.754+0000] {processor.py:161} INFO - Started process (PID=103) to work on /opt/airflow/dags/hello_world.py
[2024-04-17T07:32:53.755+0000] {processor.py:830} INFO - Processing file /opt/airflow/dags/hello_world.py for tasks to queue
[2024-04-17T07:32:53.758+0000] {logging_mixin.py:188} INFO - [2024-04-17T07:32:53.757+0000] {dagbag.py:540} INFO - Filling up the DagBag from /opt/airflow/dags/hello_world.py
[2024-04-17T07:32:53.780+0000] {processor.py:840} INFO - DAG(s) 'hello_world' retrieved from /opt/airflow/dags/hello_world.py
[2024-04-17T07:32:53.818+0000] {logging_mixin.py:188} INFO - [2024-04-17T07:32:53.818+0000] {dag.py:3096} INFO - Sync 1 DAGs
[2024-04-17T07:32:53.848+0000] {logging_mixin.py:188} INFO - [2024-04-17T07:32:53.847+0000] {dag.py:3954} INFO - Setting next_dagrun for hello_world to 2024-04-16 00:00:00+00:00, run_after=2024-04-17 00:00:00+00:00
[2024-04-17T07:32:53.873+0000] {processor.py:183} INFO - Processing /opt/airflow/dags/hello_world.py took 0.126 seconds
[2024-04-17T07:33:24.108+0000] {processor.py:161} INFO - Started process (PID=112) to work on /opt/airflow/dags/hello_world.py
[2024-04-17T07:33:24.110+0000] {processor.py:830} INFO - Processing file /opt/airflow/dags/hello_world.py for tasks to queue
[2024-04-17T07:33:24.115+0000] {logging_mixin.py:188} INFO - [2024-04-17T07:33:24.113+0000] {dagbag.py:540} INFO - Filling up the DagBag from /opt/airflow/dags/hello_world.py
[2024-04-17T07:33:24.162+0000] {processor.py:840} INFO - DAG(s) 'hello_world' retrieved from /opt/airflow/dags/hello_world.py
[2024-04-17T07:33:24.229+0000] {logging_mixin.py:188} INFO - [2024-04-17T07:33:24.229+0000] {dag.py:3096} INFO - Sync 1 DAGs
[2024-04-17T07:33:24.287+0000] {logging_mixin.py:188} INFO - [2024-04-17T07:33:24.287+0000] {dag.py:3954} INFO - Setting next_dagrun for hello_world to 2024-04-16 00:00:00+00:00, run_after=2024-04-17 00:00:00+00:00
[2024-04-17T07:33:24.327+0000] {processor.py:183} INFO - Processing /opt/airflow/dags/hello_world.py took 0.234 seconds
[2024-04-17T07:33:54.493+0000] {processor.py:161} INFO - Started process (PID=120) to work on /opt/airflow/dags/hello_world.py
[2024-04-17T07:33:54.495+0000] {processor.py:830} INFO - Processing file /opt/airflow/dags/hello_world.py for tasks to queue
[2024-04-17T07:33:54.497+0000] {logging_mixin.py:188} INFO - [2024-04-17T07:33:54.497+0000] {dagbag.py:540} INFO - Filling up the DagBag from /opt/airflow/dags/hello_world.py
[2024-04-17T07:33:54.529+0000] {processor.py:840} INFO - DAG(s) 'hello_world' retrieved from /opt/airflow/dags/hello_world.py
[2024-04-17T07:33:54.574+0000] {logging_mixin.py:188} INFO - [2024-04-17T07:33:54.574+0000] {dag.py:3096} INFO - Sync 1 DAGs
[2024-04-17T07:33:54.610+0000] {logging_mixin.py:188} INFO - [2024-04-17T07:33:54.610+0000] {dag.py:3954} INFO - Setting next_dagrun for hello_world to 2024-04-16 00:00:00+00:00, run_after=2024-04-17 00:00:00+00:00
[2024-04-17T07:33:54.641+0000] {processor.py:183} INFO - Processing /opt/airflow/dags/hello_world.py took 0.155 seconds
[2024-04-17T07:34:24.906+0000] {processor.py:161} INFO - Started process (PID=129) to work on /opt/airflow/dags/hello_world.py
[2024-04-17T07:34:24.908+0000] {processor.py:830} INFO - Processing file /opt/airflow/dags/hello_world.py for tasks to queue
[2024-04-17T07:34:24.913+0000] {logging_mixin.py:188} INFO - [2024-04-17T07:34:24.912+0000] {dagbag.py:540} INFO - Filling up the DagBag from /opt/airflow/dags/hello_world.py
[2024-04-17T07:34:24.941+0000] {processor.py:840} INFO - DAG(s) 'hello_world' retrieved from /opt/airflow/dags/hello_world.py
[2024-04-17T07:34:24.974+0000] {logging_mixin.py:188} INFO - [2024-04-17T07:34:24.974+0000] {dag.py:3096} INFO - Sync 1 DAGs
[2024-04-17T07:34:25.004+0000] {logging_mixin.py:188} INFO - [2024-04-17T07:34:25.004+0000] {dag.py:3954} INFO - Setting next_dagrun for hello_world to 2024-04-16 00:00:00+00:00, run_after=2024-04-17 00:00:00+00:00
[2024-04-17T07:34:25.029+0000] {processor.py:183} INFO - Processing /opt/airflow/dags/hello_world.py took 0.133 seconds
[2024-04-17T07:34:55.285+0000] {processor.py:161} INFO - Started process (PID=137) to work on /opt/airflow/dags/hello_world.py
[2024-04-17T07:34:55.286+0000] {processor.py:830} INFO - Processing file /opt/airflow/dags/hello_world.py for tasks to queue
[2024-04-17T07:34:55.288+0000] {logging_mixin.py:188} INFO - [2024-04-17T07:34:55.288+0000] {dagbag.py:540} INFO - Filling up the DagBag from /opt/airflow/dags/hello_world.py
[2024-04-17T07:34:55.311+0000] {processor.py:840} INFO - DAG(s) 'hello_world' retrieved from /opt/airflow/dags/hello_world.py
[2024-04-17T07:34:55.343+0000] {logging_mixin.py:188} INFO - [2024-04-17T07:34:55.343+0000] {dag.py:3096} INFO - Sync 1 DAGs
[2024-04-17T07:34:55.369+0000] {logging_mixin.py:188} INFO - [2024-04-17T07:34:55.369+0000] {dag.py:3954} INFO - Setting next_dagrun for hello_world to 2024-04-16 00:00:00+00:00, run_after=2024-04-17 00:00:00+00:00
[2024-04-17T07:34:55.392+0000] {processor.py:183} INFO - Processing /opt/airflow/dags/hello_world.py took 0.114 seconds
[2024-04-17T07:35:25.641+0000] {processor.py:161} INFO - Started process (PID=145) to work on /opt/airflow/dags/hello_world.py
[2024-04-17T07:35:25.643+0000] {processor.py:830} INFO - Processing file /opt/airflow/dags/hello_world.py for tasks to queue
[2024-04-17T07:35:25.646+0000] {logging_mixin.py:188} INFO - [2024-04-17T07:35:25.645+0000] {dagbag.py:540} INFO - Filling up the DagBag from /opt/airflow/dags/hello_world.py
[2024-04-17T07:35:25.669+0000] {processor.py:840} INFO - DAG(s) 'hello_world' retrieved from /opt/airflow/dags/hello_world.py
[2024-04-17T07:35:25.714+0000] {logging_mixin.py:188} INFO - [2024-04-17T07:35:25.714+0000] {dag.py:3096} INFO - Sync 1 DAGs
[2024-04-17T07:35:25.748+0000] {logging_mixin.py:188} INFO - [2024-04-17T07:35:25.748+0000] {dag.py:3954} INFO - Setting next_dagrun for hello_world to 2024-04-16 00:00:00+00:00, run_after=2024-04-17 00:00:00+00:00
[2024-04-17T07:35:25.783+0000] {processor.py:183} INFO - Processing /opt/airflow/dags/hello_world.py took 0.151 seconds
[2024-04-17T07:35:56.028+0000] {processor.py:161} INFO - Started process (PID=153) to work on /opt/airflow/dags/hello_world.py
[2024-04-17T07:35:56.029+0000] {processor.py:830} INFO - Processing file /opt/airflow/dags/hello_world.py for tasks to queue
[2024-04-17T07:35:56.032+0000] {logging_mixin.py:188} INFO - [2024-04-17T07:35:56.032+0000] {dagbag.py:540} INFO - Filling up the DagBag from /opt/airflow/dags/hello_world.py
[2024-04-17T07:35:56.056+0000] {processor.py:840} INFO - DAG(s) 'hello_world' retrieved from /opt/airflow/dags/hello_world.py
[2024-04-17T07:35:56.088+0000] {logging_mixin.py:188} INFO - [2024-04-17T07:35:56.088+0000] {dag.py:3096} INFO - Sync 1 DAGs
[2024-04-17T07:35:56.116+0000] {logging_mixin.py:188} INFO - [2024-04-17T07:35:56.115+0000] {dag.py:3954} INFO - Setting next_dagrun for hello_world to 2024-04-16 00:00:00+00:00, run_after=2024-04-17 00:00:00+00:00
[2024-04-17T07:35:56.140+0000] {processor.py:183} INFO - Processing /opt/airflow/dags/hello_world.py took 0.121 seconds
[2024-04-17T07:36:26.402+0000] {processor.py:161} INFO - Started process (PID=161) to work on /opt/airflow/dags/hello_world.py
[2024-04-17T07:36:26.403+0000] {processor.py:830} INFO - Processing file /opt/airflow/dags/hello_world.py for tasks to queue
[2024-04-17T07:36:26.405+0000] {logging_mixin.py:188} INFO - [2024-04-17T07:36:26.405+0000] {dagbag.py:540} INFO - Filling up the DagBag from /opt/airflow/dags/hello_world.py
[2024-04-17T07:36:26.427+0000] {processor.py:840} INFO - DAG(s) 'hello_world' retrieved from /opt/airflow/dags/hello_world.py
[2024-04-17T07:36:26.459+0000] {logging_mixin.py:188} INFO - [2024-04-17T07:36:26.458+0000] {dag.py:3096} INFO - Sync 1 DAGs
[2024-04-17T07:36:26.484+0000] {logging_mixin.py:188} INFO - [2024-04-17T07:36:26.484+0000] {dag.py:3954} INFO - Setting next_dagrun for hello_world to 2024-04-16 00:00:00+00:00, run_after=2024-04-17 00:00:00+00:00
[2024-04-17T07:36:26.505+0000] {processor.py:183} INFO - Processing /opt/airflow/dags/hello_world.py took 0.111 seconds
[2024-04-17T07:36:56.768+0000] {processor.py:161} INFO - Started process (PID=169) to work on /opt/airflow/dags/hello_world.py
[2024-04-17T07:36:56.769+0000] {processor.py:830} INFO - Processing file /opt/airflow/dags/hello_world.py for tasks to queue
[2024-04-17T07:36:56.772+0000] {logging_mixin.py:188} INFO - [2024-04-17T07:36:56.771+0000] {dagbag.py:540} INFO - Filling up the DagBag from /opt/airflow/dags/hello_world.py
[2024-04-17T07:36:56.806+0000] {processor.py:840} INFO - DAG(s) 'hello_world' retrieved from /opt/airflow/dags/hello_world.py
[2024-04-17T07:36:56.843+0000] {logging_mixin.py:188} INFO - [2024-04-17T07:36:56.843+0000] {dag.py:3096} INFO - Sync 1 DAGs
[2024-04-17T07:36:56.873+0000] {logging_mixin.py:188} INFO - [2024-04-17T07:36:56.872+0000] {dag.py:3954} INFO - Setting next_dagrun for hello_world to 2024-04-16 00:00:00+00:00, run_after=2024-04-17 00:00:00+00:00
[2024-04-17T07:36:56.899+0000] {processor.py:183} INFO - Processing /opt/airflow/dags/hello_world.py took 0.139 seconds
[2024-04-17T07:37:27.165+0000] {processor.py:161} INFO - Started process (PID=177) to work on /opt/airflow/dags/hello_world.py
[2024-04-17T07:37:27.166+0000] {processor.py:830} INFO - Processing file /opt/airflow/dags/hello_world.py for tasks to queue
[2024-04-17T07:37:27.169+0000] {logging_mixin.py:188} INFO - [2024-04-17T07:37:27.168+0000] {dagbag.py:540} INFO - Filling up the DagBag from /opt/airflow/dags/hello_world.py
[2024-04-17T07:37:27.191+0000] {processor.py:840} INFO - DAG(s) 'hello_world' retrieved from /opt/airflow/dags/hello_world.py
[2024-04-17T07:37:27.223+0000] {logging_mixin.py:188} INFO - [2024-04-17T07:37:27.223+0000] {dag.py:3096} INFO - Sync 1 DAGs
[2024-04-17T07:37:27.252+0000] {logging_mixin.py:188} INFO - [2024-04-17T07:37:27.251+0000] {dag.py:3954} INFO - Setting next_dagrun for hello_world to 2024-04-16 00:00:00+00:00, run_after=2024-04-17 00:00:00+00:00
[2024-04-17T07:37:27.277+0000] {processor.py:183} INFO - Processing /opt/airflow/dags/hello_world.py took 0.119 seconds
[2024-04-17T07:37:57.529+0000] {processor.py:161} INFO - Started process (PID=185) to work on /opt/airflow/dags/hello_world.py
[2024-04-17T07:37:57.530+0000] {processor.py:830} INFO - Processing file /opt/airflow/dags/hello_world.py for tasks to queue
[2024-04-17T07:37:57.533+0000] {logging_mixin.py:188} INFO - [2024-04-17T07:37:57.532+0000] {dagbag.py:540} INFO - Filling up the DagBag from /opt/airflow/dags/hello_world.py
[2024-04-17T07:37:57.557+0000] {processor.py:840} INFO - DAG(s) 'hello_world' retrieved from /opt/airflow/dags/hello_world.py
[2024-04-17T07:37:57.599+0000] {logging_mixin.py:188} INFO - [2024-04-17T07:37:57.598+0000] {dag.py:3096} INFO - Sync 1 DAGs
[2024-04-17T07:37:57.631+0000] {logging_mixin.py:188} INFO - [2024-04-17T07:37:57.631+0000] {dag.py:3954} INFO - Setting next_dagrun for hello_world to 2024-04-16 00:00:00+00:00, run_after=2024-04-17 00:00:00+00:00
[2024-04-17T07:37:57.660+0000] {processor.py:183} INFO - Processing /opt/airflow/dags/hello_world.py took 0.139 seconds
[2024-04-17T07:38:27.911+0000] {processor.py:161} INFO - Started process (PID=193) to work on /opt/airflow/dags/hello_world.py
[2024-04-17T07:38:27.913+0000] {processor.py:830} INFO - Processing file /opt/airflow/dags/hello_world.py for tasks to queue
[2024-04-17T07:38:27.915+0000] {logging_mixin.py:188} INFO - [2024-04-17T07:38:27.915+0000] {dagbag.py:540} INFO - Filling up the DagBag from /opt/airflow/dags/hello_world.py
[2024-04-17T07:38:27.953+0000] {processor.py:840} INFO - DAG(s) 'hello_world' retrieved from /opt/airflow/dags/hello_world.py
[2024-04-17T07:38:27.994+0000] {logging_mixin.py:188} INFO - [2024-04-17T07:38:27.993+0000] {dag.py:3096} INFO - Sync 1 DAGs
[2024-04-17T07:38:28.024+0000] {logging_mixin.py:188} INFO - [2024-04-17T07:38:28.024+0000] {dag.py:3954} INFO - Setting next_dagrun for hello_world to 2024-04-16 00:00:00+00:00, run_after=2024-04-17 00:00:00+00:00
[2024-04-17T07:38:28.049+0000] {processor.py:183} INFO - Processing /opt/airflow/dags/hello_world.py took 0.150 seconds
[2024-04-17T07:38:58.301+0000] {processor.py:161} INFO - Started process (PID=202) to work on /opt/airflow/dags/hello_world.py
[2024-04-17T07:38:58.302+0000] {processor.py:830} INFO - Processing file /opt/airflow/dags/hello_world.py for tasks to queue
[2024-04-17T07:38:58.305+0000] {logging_mixin.py:188} INFO - [2024-04-17T07:38:58.305+0000] {dagbag.py:540} INFO - Filling up the DagBag from /opt/airflow/dags/hello_world.py
[2024-04-17T07:38:58.330+0000] {processor.py:840} INFO - DAG(s) 'hello_world' retrieved from /opt/airflow/dags/hello_world.py
[2024-04-17T07:38:58.364+0000] {logging_mixin.py:188} INFO - [2024-04-17T07:38:58.364+0000] {dag.py:3096} INFO - Sync 1 DAGs
[2024-04-17T07:38:58.392+0000] {logging_mixin.py:188} INFO - [2024-04-17T07:38:58.391+0000] {dag.py:3954} INFO - Setting next_dagrun for hello_world to 2024-04-16 00:00:00+00:00, run_after=2024-04-17 00:00:00+00:00
[2024-04-17T07:38:58.417+0000] {processor.py:183} INFO - Processing /opt/airflow/dags/hello_world.py took 0.125 seconds
[2024-04-17T07:39:28.744+0000] {processor.py:161} INFO - Started process (PID=210) to work on /opt/airflow/dags/hello_world.py
[2024-04-17T07:39:28.745+0000] {processor.py:830} INFO - Processing file /opt/airflow/dags/hello_world.py for tasks to queue
[2024-04-17T07:39:28.748+0000] {logging_mixin.py:188} INFO - [2024-04-17T07:39:28.748+0000] {dagbag.py:540} INFO - Filling up the DagBag from /opt/airflow/dags/hello_world.py
[2024-04-17T07:39:28.772+0000] {processor.py:840} INFO - DAG(s) 'hello_world' retrieved from /opt/airflow/dags/hello_world.py
[2024-04-17T07:39:28.813+0000] {logging_mixin.py:188} INFO - [2024-04-17T07:39:28.813+0000] {dag.py:3096} INFO - Sync 1 DAGs
[2024-04-17T07:39:28.847+0000] {logging_mixin.py:188} INFO - [2024-04-17T07:39:28.847+0000] {dag.py:3954} INFO - Setting next_dagrun for hello_world to 2024-04-16 00:00:00+00:00, run_after=2024-04-17 00:00:00+00:00
[2024-04-17T07:39:28.878+0000] {processor.py:183} INFO - Processing /opt/airflow/dags/hello_world.py took 0.141 seconds
[2024-04-17T07:39:59.129+0000] {processor.py:161} INFO - Started process (PID=218) to work on /opt/airflow/dags/hello_world.py
[2024-04-17T07:39:59.130+0000] {processor.py:830} INFO - Processing file /opt/airflow/dags/hello_world.py for tasks to queue
[2024-04-17T07:39:59.133+0000] {logging_mixin.py:188} INFO - [2024-04-17T07:39:59.133+0000] {dagbag.py:540} INFO - Filling up the DagBag from /opt/airflow/dags/hello_world.py
[2024-04-17T07:39:59.156+0000] {processor.py:840} INFO - DAG(s) 'hello_world' retrieved from /opt/airflow/dags/hello_world.py
[2024-04-17T07:39:59.187+0000] {logging_mixin.py:188} INFO - [2024-04-17T07:39:59.187+0000] {dag.py:3096} INFO - Sync 1 DAGs
[2024-04-17T07:39:59.216+0000] {logging_mixin.py:188} INFO - [2024-04-17T07:39:59.216+0000] {dag.py:3954} INFO - Setting next_dagrun for hello_world to 2024-04-16 00:00:00+00:00, run_after=2024-04-17 00:00:00+00:00
[2024-04-17T07:39:59.240+0000] {processor.py:183} INFO - Processing /opt/airflow/dags/hello_world.py took 0.119 seconds
[2024-04-17T07:40:29.523+0000] {processor.py:161} INFO - Started process (PID=226) to work on /opt/airflow/dags/hello_world.py
[2024-04-17T07:40:29.524+0000] {processor.py:830} INFO - Processing file /opt/airflow/dags/hello_world.py for tasks to queue
[2024-04-17T07:40:29.528+0000] {logging_mixin.py:188} INFO - [2024-04-17T07:40:29.528+0000] {dagbag.py:540} INFO - Filling up the DagBag from /opt/airflow/dags/hello_world.py
[2024-04-17T07:40:29.556+0000] {processor.py:840} INFO - DAG(s) 'hello_world' retrieved from /opt/airflow/dags/hello_world.py
[2024-04-17T07:40:29.594+0000] {logging_mixin.py:188} INFO - [2024-04-17T07:40:29.594+0000] {dag.py:3096} INFO - Sync 1 DAGs
[2024-04-17T07:40:29.625+0000] {logging_mixin.py:188} INFO - [2024-04-17T07:40:29.625+0000] {dag.py:3954} INFO - Setting next_dagrun for hello_world to 2024-04-16 00:00:00+00:00, run_after=2024-04-17 00:00:00+00:00
[2024-04-17T07:40:29.648+0000] {processor.py:183} INFO - Processing /opt/airflow/dags/hello_world.py took 0.134 seconds
[2024-04-17T07:40:59.882+0000] {processor.py:161} INFO - Started process (PID=234) to work on /opt/airflow/dags/hello_world.py
[2024-04-17T07:40:59.883+0000] {processor.py:830} INFO - Processing file /opt/airflow/dags/hello_world.py for tasks to queue
[2024-04-17T07:40:59.887+0000] {logging_mixin.py:188} INFO - [2024-04-17T07:40:59.887+0000] {dagbag.py:540} INFO - Filling up the DagBag from /opt/airflow/dags/hello_world.py
[2024-04-17T07:40:59.912+0000] {processor.py:840} INFO - DAG(s) 'hello_world' retrieved from /opt/airflow/dags/hello_world.py
[2024-04-17T07:40:59.950+0000] {logging_mixin.py:188} INFO - [2024-04-17T07:40:59.950+0000] {dag.py:3096} INFO - Sync 1 DAGs
[2024-04-17T07:40:59.979+0000] {logging_mixin.py:188} INFO - [2024-04-17T07:40:59.979+0000] {dag.py:3954} INFO - Setting next_dagrun for hello_world to 2024-04-16 00:00:00+00:00, run_after=2024-04-17 00:00:00+00:00
[2024-04-17T07:41:00.006+0000] {processor.py:183} INFO - Processing /opt/airflow/dags/hello_world.py took 0.134 seconds
[2024-04-17T07:41:30.258+0000] {processor.py:161} INFO - Started process (PID=242) to work on /opt/airflow/dags/hello_world.py
[2024-04-17T07:41:30.259+0000] {processor.py:830} INFO - Processing file /opt/airflow/dags/hello_world.py for tasks to queue
[2024-04-17T07:41:30.263+0000] {logging_mixin.py:188} INFO - [2024-04-17T07:41:30.262+0000] {dagbag.py:540} INFO - Filling up the DagBag from /opt/airflow/dags/hello_world.py
[2024-04-17T07:41:30.296+0000] {processor.py:840} INFO - DAG(s) 'hello_world' retrieved from /opt/airflow/dags/hello_world.py
[2024-04-17T07:41:30.336+0000] {logging_mixin.py:188} INFO - [2024-04-17T07:41:30.336+0000] {dag.py:3096} INFO - Sync 1 DAGs
[2024-04-17T07:41:30.362+0000] {logging_mixin.py:188} INFO - [2024-04-17T07:41:30.362+0000] {dag.py:3954} INFO - Setting next_dagrun for hello_world to 2024-04-16 00:00:00+00:00, run_after=2024-04-17 00:00:00+00:00
[2024-04-17T07:41:30.386+0000] {processor.py:183} INFO - Processing /opt/airflow/dags/hello_world.py took 0.136 seconds
[2024-04-17T07:42:00.490+0000] {processor.py:161} INFO - Started process (PID=255) to work on /opt/airflow/dags/hello_world.py
[2024-04-17T07:42:00.491+0000] {processor.py:830} INFO - Processing file /opt/airflow/dags/hello_world.py for tasks to queue
[2024-04-17T07:42:00.495+0000] {logging_mixin.py:188} INFO - [2024-04-17T07:42:00.494+0000] {dagbag.py:540} INFO - Filling up the DagBag from /opt/airflow/dags/hello_world.py
[2024-04-17T07:42:00.525+0000] {processor.py:840} INFO - DAG(s) 'hello_world' retrieved from /opt/airflow/dags/hello_world.py
[2024-04-17T07:42:00.545+0000] {logging_mixin.py:188} INFO - [2024-04-17T07:42:00.544+0000] {dag.py:3096} INFO - Sync 1 DAGs
[2024-04-17T07:42:00.584+0000] {logging_mixin.py:188} INFO - [2024-04-17T07:42:00.584+0000] {dag.py:3954} INFO - Setting next_dagrun for hello_world to 2024-04-16 00:00:00+00:00, run_after=2024-04-17 00:00:00+00:00
[2024-04-17T07:42:00.610+0000] {processor.py:183} INFO - Processing /opt/airflow/dags/hello_world.py took 0.131 seconds
[2024-04-17T07:42:30.902+0000] {processor.py:161} INFO - Started process (PID=262) to work on /opt/airflow/dags/hello_world.py
[2024-04-17T07:42:30.903+0000] {processor.py:830} INFO - Processing file /opt/airflow/dags/hello_world.py for tasks to queue
[2024-04-17T07:42:30.907+0000] {logging_mixin.py:188} INFO - [2024-04-17T07:42:30.906+0000] {dagbag.py:540} INFO - Filling up the DagBag from /opt/airflow/dags/hello_world.py
[2024-04-17T07:42:30.931+0000] {processor.py:840} INFO - DAG(s) 'hello_world' retrieved from /opt/airflow/dags/hello_world.py
[2024-04-17T07:42:31.058+0000] {logging_mixin.py:188} INFO - [2024-04-17T07:42:31.058+0000] {dag.py:3096} INFO - Sync 1 DAGs
[2024-04-17T07:42:31.083+0000] {logging_mixin.py:188} INFO - [2024-04-17T07:42:31.082+0000] {dag.py:3954} INFO - Setting next_dagrun for hello_world to 2024-04-16 00:00:00+00:00, run_after=2024-04-17 00:00:00+00:00
[2024-04-17T07:42:31.106+0000] {processor.py:183} INFO - Processing /opt/airflow/dags/hello_world.py took 0.212 seconds
[2024-04-17T07:43:01.430+0000] {processor.py:161} INFO - Started process (PID=271) to work on /opt/airflow/dags/hello_world.py
[2024-04-17T07:43:01.431+0000] {processor.py:830} INFO - Processing file /opt/airflow/dags/hello_world.py for tasks to queue
[2024-04-17T07:43:01.435+0000] {logging_mixin.py:188} INFO - [2024-04-17T07:43:01.434+0000] {dagbag.py:540} INFO - Filling up the DagBag from /opt/airflow/dags/hello_world.py
[2024-04-17T07:43:01.461+0000] {processor.py:840} INFO - DAG(s) 'hello_world' retrieved from /opt/airflow/dags/hello_world.py
[2024-04-17T07:43:01.498+0000] {logging_mixin.py:188} INFO - [2024-04-17T07:43:01.498+0000] {dag.py:3096} INFO - Sync 1 DAGs
[2024-04-17T07:43:01.534+0000] {logging_mixin.py:188} INFO - [2024-04-17T07:43:01.533+0000] {dag.py:3954} INFO - Setting next_dagrun for hello_world to 2024-04-16 00:00:00+00:00, run_after=2024-04-17 00:00:00+00:00
[2024-04-17T07:43:01.565+0000] {processor.py:183} INFO - Processing /opt/airflow/dags/hello_world.py took 0.144 seconds
[2024-04-17T07:43:31.899+0000] {processor.py:161} INFO - Started process (PID=281) to work on /opt/airflow/dags/hello_world.py
[2024-04-17T07:43:31.901+0000] {processor.py:830} INFO - Processing file /opt/airflow/dags/hello_world.py for tasks to queue
[2024-04-17T07:43:31.908+0000] {logging_mixin.py:188} INFO - [2024-04-17T07:43:31.907+0000] {dagbag.py:540} INFO - Filling up the DagBag from /opt/airflow/dags/hello_world.py
[2024-04-17T07:43:31.933+0000] {processor.py:840} INFO - DAG(s) 'hello_world' retrieved from /opt/airflow/dags/hello_world.py
[2024-04-17T07:43:31.946+0000] {logging_mixin.py:188} INFO - [2024-04-17T07:43:31.945+0000] {dag.py:3096} INFO - Sync 1 DAGs
[2024-04-17T07:43:31.978+0000] {logging_mixin.py:188} INFO - [2024-04-17T07:43:31.978+0000] {dag.py:3954} INFO - Setting next_dagrun for hello_world to 2024-04-16 00:00:00+00:00, run_after=2024-04-17 00:00:00+00:00
[2024-04-17T07:43:32.004+0000] {processor.py:183} INFO - Processing /opt/airflow/dags/hello_world.py took 0.117 seconds
[2024-04-17T07:44:02.322+0000] {processor.py:161} INFO - Started process (PID=290) to work on /opt/airflow/dags/hello_world.py
[2024-04-17T07:44:02.327+0000] {processor.py:830} INFO - Processing file /opt/airflow/dags/hello_world.py for tasks to queue
[2024-04-17T07:44:02.330+0000] {logging_mixin.py:188} INFO - [2024-04-17T07:44:02.329+0000] {dagbag.py:540} INFO - Filling up the DagBag from /opt/airflow/dags/hello_world.py
[2024-04-17T07:44:02.355+0000] {processor.py:840} INFO - DAG(s) 'hello_world' retrieved from /opt/airflow/dags/hello_world.py
[2024-04-17T07:44:02.533+0000] {logging_mixin.py:188} INFO - [2024-04-17T07:44:02.533+0000] {dag.py:3096} INFO - Sync 1 DAGs
[2024-04-17T07:44:02.567+0000] {logging_mixin.py:188} INFO - [2024-04-17T07:44:02.567+0000] {dag.py:3954} INFO - Setting next_dagrun for hello_world to 2024-04-16 00:00:00+00:00, run_after=2024-04-17 00:00:00+00:00
[2024-04-17T07:44:02.594+0000] {processor.py:183} INFO - Processing /opt/airflow/dags/hello_world.py took 0.282 seconds
[2024-04-17T07:44:32.795+0000] {processor.py:161} INFO - Started process (PID=299) to work on /opt/airflow/dags/hello_world.py
[2024-04-17T07:44:32.797+0000] {processor.py:830} INFO - Processing file /opt/airflow/dags/hello_world.py for tasks to queue
[2024-04-17T07:44:32.799+0000] {logging_mixin.py:188} INFO - [2024-04-17T07:44:32.799+0000] {dagbag.py:540} INFO - Filling up the DagBag from /opt/airflow/dags/hello_world.py
[2024-04-17T07:44:32.825+0000] {processor.py:840} INFO - DAG(s) 'hello_world' retrieved from /opt/airflow/dags/hello_world.py
[2024-04-17T07:44:32.863+0000] {logging_mixin.py:188} INFO - [2024-04-17T07:44:32.862+0000] {dag.py:3096} INFO - Sync 1 DAGs
[2024-04-17T07:44:32.898+0000] {logging_mixin.py:188} INFO - [2024-04-17T07:44:32.898+0000] {dag.py:3954} INFO - Setting next_dagrun for hello_world to 2024-04-16 00:00:00+00:00, run_after=2024-04-17 00:00:00+00:00
[2024-04-17T07:44:32.924+0000] {processor.py:183} INFO - Processing /opt/airflow/dags/hello_world.py took 0.138 seconds
[2024-04-17T07:45:03.192+0000] {processor.py:161} INFO - Started process (PID=308) to work on /opt/airflow/dags/hello_world.py
[2024-04-17T07:45:03.193+0000] {processor.py:830} INFO - Processing file /opt/airflow/dags/hello_world.py for tasks to queue
[2024-04-17T07:45:03.195+0000] {logging_mixin.py:188} INFO - [2024-04-17T07:45:03.195+0000] {dagbag.py:540} INFO - Filling up the DagBag from /opt/airflow/dags/hello_world.py
[2024-04-17T07:45:03.219+0000] {processor.py:840} INFO - DAG(s) 'hello_world' retrieved from /opt/airflow/dags/hello_world.py
[2024-04-17T07:45:03.233+0000] {logging_mixin.py:188} INFO - [2024-04-17T07:45:03.233+0000] {dag.py:3096} INFO - Sync 1 DAGs
[2024-04-17T07:45:03.262+0000] {logging_mixin.py:188} INFO - [2024-04-17T07:45:03.262+0000] {dag.py:3954} INFO - Setting next_dagrun for hello_world to 2024-04-16 00:00:00+00:00, run_after=2024-04-17 00:00:00+00:00
[2024-04-17T07:45:03.285+0000] {processor.py:183} INFO - Processing /opt/airflow/dags/hello_world.py took 0.101 seconds
[2024-04-17T07:45:33.590+0000] {processor.py:161} INFO - Started process (PID=317) to work on /opt/airflow/dags/hello_world.py
[2024-04-17T07:45:33.591+0000] {processor.py:830} INFO - Processing file /opt/airflow/dags/hello_world.py for tasks to queue
[2024-04-17T07:45:33.595+0000] {logging_mixin.py:188} INFO - [2024-04-17T07:45:33.594+0000] {dagbag.py:540} INFO - Filling up the DagBag from /opt/airflow/dags/hello_world.py
[2024-04-17T07:45:33.619+0000] {processor.py:840} INFO - DAG(s) 'hello_world' retrieved from /opt/airflow/dags/hello_world.py
[2024-04-17T07:45:33.758+0000] {logging_mixin.py:188} INFO - [2024-04-17T07:45:33.758+0000] {dag.py:3096} INFO - Sync 1 DAGs
[2024-04-17T07:45:33.785+0000] {logging_mixin.py:188} INFO - [2024-04-17T07:45:33.785+0000] {dag.py:3954} INFO - Setting next_dagrun for hello_world to 2024-04-16 00:00:00+00:00, run_after=2024-04-17 00:00:00+00:00
[2024-04-17T07:45:33.812+0000] {processor.py:183} INFO - Processing /opt/airflow/dags/hello_world.py took 0.229 seconds
[2024-04-17T07:46:04.101+0000] {processor.py:161} INFO - Started process (PID=326) to work on /opt/airflow/dags/hello_world.py
[2024-04-17T07:46:04.103+0000] {processor.py:830} INFO - Processing file /opt/airflow/dags/hello_world.py for tasks to queue
[2024-04-17T07:46:04.105+0000] {logging_mixin.py:188} INFO - [2024-04-17T07:46:04.105+0000] {dagbag.py:540} INFO - Filling up the DagBag from /opt/airflow/dags/hello_world.py
[2024-04-17T07:46:04.131+0000] {processor.py:840} INFO - DAG(s) 'hello_world' retrieved from /opt/airflow/dags/hello_world.py
[2024-04-17T07:46:04.165+0000] {logging_mixin.py:188} INFO - [2024-04-17T07:46:04.165+0000] {dag.py:3096} INFO - Sync 1 DAGs
[2024-04-17T07:46:04.193+0000] {logging_mixin.py:188} INFO - [2024-04-17T07:46:04.192+0000] {dag.py:3954} INFO - Setting next_dagrun for hello_world to 2024-04-16 00:00:00+00:00, run_after=2024-04-17 00:00:00+00:00
[2024-04-17T07:46:04.220+0000] {processor.py:183} INFO - Processing /opt/airflow/dags/hello_world.py took 0.127 seconds
[2024-04-17T07:46:34.401+0000] {processor.py:161} INFO - Started process (PID=342) to work on /opt/airflow/dags/hello_world.py
[2024-04-17T07:46:34.402+0000] {processor.py:830} INFO - Processing file /opt/airflow/dags/hello_world.py for tasks to queue
[2024-04-17T07:46:34.405+0000] {logging_mixin.py:188} INFO - [2024-04-17T07:46:34.404+0000] {dagbag.py:540} INFO - Filling up the DagBag from /opt/airflow/dags/hello_world.py
[2024-04-17T07:46:34.429+0000] {processor.py:840} INFO - DAG(s) 'hello_world' retrieved from /opt/airflow/dags/hello_world.py
[2024-04-17T07:46:34.445+0000] {logging_mixin.py:188} INFO - [2024-04-17T07:46:34.445+0000] {dag.py:3096} INFO - Sync 1 DAGs
[2024-04-17T07:46:34.474+0000] {logging_mixin.py:188} INFO - [2024-04-17T07:46:34.474+0000] {dag.py:3954} INFO - Setting next_dagrun for hello_world to 2024-04-16 00:00:00+00:00, run_after=2024-04-17 00:00:00+00:00
[2024-04-17T07:46:34.498+0000] {processor.py:183} INFO - Processing /opt/airflow/dags/hello_world.py took 0.105 seconds
[2024-04-17T07:47:05.425+0000] {processor.py:161} INFO - Started process (PID=352) to work on /opt/airflow/dags/hello_world.py
[2024-04-17T07:47:05.432+0000] {processor.py:830} INFO - Processing file /opt/airflow/dags/hello_world.py for tasks to queue
[2024-04-17T07:47:05.448+0000] {logging_mixin.py:188} INFO - [2024-04-17T07:47:05.446+0000] {dagbag.py:540} INFO - Filling up the DagBag from /opt/airflow/dags/hello_world.py
[2024-04-17T07:47:05.522+0000] {processor.py:840} INFO - DAG(s) 'hello_world' retrieved from /opt/airflow/dags/hello_world.py
[2024-04-17T07:47:05.817+0000] {logging_mixin.py:188} INFO - [2024-04-17T07:47:05.816+0000] {dag.py:3096} INFO - Sync 1 DAGs
[2024-04-17T07:47:05.866+0000] {logging_mixin.py:188} INFO - [2024-04-17T07:47:05.866+0000] {dag.py:3954} INFO - Setting next_dagrun for hello_world to 2024-04-16 00:00:00+00:00, run_after=2024-04-17 00:00:00+00:00
[2024-04-17T07:47:05.902+0000] {processor.py:183} INFO - Processing /opt/airflow/dags/hello_world.py took 0.537 seconds
[2024-04-17T07:47:36.230+0000] {processor.py:161} INFO - Started process (PID=363) to work on /opt/airflow/dags/hello_world.py
[2024-04-17T07:47:36.231+0000] {processor.py:830} INFO - Processing file /opt/airflow/dags/hello_world.py for tasks to queue
[2024-04-17T07:47:36.234+0000] {logging_mixin.py:188} INFO - [2024-04-17T07:47:36.233+0000] {dagbag.py:540} INFO - Filling up the DagBag from /opt/airflow/dags/hello_world.py
[2024-04-17T07:47:36.258+0000] {processor.py:840} INFO - DAG(s) 'hello_world' retrieved from /opt/airflow/dags/hello_world.py
[2024-04-17T07:47:36.292+0000] {logging_mixin.py:188} INFO - [2024-04-17T07:47:36.292+0000] {dag.py:3096} INFO - Sync 1 DAGs
[2024-04-17T07:47:36.322+0000] {logging_mixin.py:188} INFO - [2024-04-17T07:47:36.322+0000] {dag.py:3954} INFO - Setting next_dagrun for hello_world to 2024-04-16 00:00:00+00:00, run_after=2024-04-17 00:00:00+00:00
[2024-04-17T07:47:36.355+0000] {processor.py:183} INFO - Processing /opt/airflow/dags/hello_world.py took 0.133 seconds
[2024-04-17T07:48:06.683+0000] {processor.py:161} INFO - Started process (PID=372) to work on /opt/airflow/dags/hello_world.py
[2024-04-17T07:48:06.687+0000] {processor.py:830} INFO - Processing file /opt/airflow/dags/hello_world.py for tasks to queue
[2024-04-17T07:48:06.692+0000] {logging_mixin.py:188} INFO - [2024-04-17T07:48:06.689+0000] {dagbag.py:540} INFO - Filling up the DagBag from /opt/airflow/dags/hello_world.py
[2024-04-17T07:48:06.752+0000] {processor.py:840} INFO - DAG(s) 'hello_world' retrieved from /opt/airflow/dags/hello_world.py
[2024-04-17T07:48:07.020+0000] {logging_mixin.py:188} INFO - [2024-04-17T07:48:07.008+0000] {dag.py:3096} INFO - Sync 1 DAGs
[2024-04-17T07:48:07.166+0000] {logging_mixin.py:188} INFO - [2024-04-17T07:48:07.152+0000] {dag.py:3954} INFO - Setting next_dagrun for hello_world to 2024-04-16 00:00:00+00:00, run_after=2024-04-17 00:00:00+00:00
[2024-04-17T07:48:07.420+0000] {processor.py:183} INFO - Processing /opt/airflow/dags/hello_world.py took 0.751 seconds
[2024-04-17T07:48:37.930+0000] {processor.py:161} INFO - Started process (PID=381) to work on /opt/airflow/dags/hello_world.py
[2024-04-17T07:48:37.931+0000] {processor.py:830} INFO - Processing file /opt/airflow/dags/hello_world.py for tasks to queue
[2024-04-17T07:48:37.933+0000] {logging_mixin.py:188} INFO - [2024-04-17T07:48:37.933+0000] {dagbag.py:540} INFO - Filling up the DagBag from /opt/airflow/dags/hello_world.py
[2024-04-17T07:48:37.957+0000] {processor.py:840} INFO - DAG(s) 'hello_world' retrieved from /opt/airflow/dags/hello_world.py
[2024-04-17T07:48:37.989+0000] {logging_mixin.py:188} INFO - [2024-04-17T07:48:37.988+0000] {dag.py:3096} INFO - Sync 1 DAGs
[2024-04-17T07:48:38.014+0000] {logging_mixin.py:188} INFO - [2024-04-17T07:48:38.014+0000] {dag.py:3954} INFO - Setting next_dagrun for hello_world to 2024-04-16 00:00:00+00:00, run_after=2024-04-17 00:00:00+00:00
[2024-04-17T07:48:38.038+0000] {processor.py:183} INFO - Processing /opt/airflow/dags/hello_world.py took 0.116 seconds
[2024-04-17T07:49:08.337+0000] {processor.py:161} INFO - Started process (PID=390) to work on /opt/airflow/dags/hello_world.py
[2024-04-17T07:49:08.339+0000] {processor.py:830} INFO - Processing file /opt/airflow/dags/hello_world.py for tasks to queue
[2024-04-17T07:49:08.341+0000] {logging_mixin.py:188} INFO - [2024-04-17T07:49:08.341+0000] {dagbag.py:540} INFO - Filling up the DagBag from /opt/airflow/dags/hello_world.py
[2024-04-17T07:49:08.374+0000] {processor.py:840} INFO - DAG(s) 'hello_world' retrieved from /opt/airflow/dags/hello_world.py
[2024-04-17T07:49:08.412+0000] {logging_mixin.py:188} INFO - [2024-04-17T07:49:08.412+0000] {dag.py:3096} INFO - Sync 1 DAGs
[2024-04-17T07:49:08.448+0000] {logging_mixin.py:188} INFO - [2024-04-17T07:49:08.447+0000] {dag.py:3954} INFO - Setting next_dagrun for hello_world to 2024-04-16 00:00:00+00:00, run_after=2024-04-17 00:00:00+00:00
[2024-04-17T07:49:08.482+0000] {processor.py:183} INFO - Processing /opt/airflow/dags/hello_world.py took 0.156 seconds
[2024-04-17T07:49:39.020+0000] {processor.py:161} INFO - Started process (PID=401) to work on /opt/airflow/dags/hello_world.py
[2024-04-17T07:49:39.022+0000] {processor.py:830} INFO - Processing file /opt/airflow/dags/hello_world.py for tasks to queue
[2024-04-17T07:49:39.025+0000] {logging_mixin.py:188} INFO - [2024-04-17T07:49:39.024+0000] {dagbag.py:540} INFO - Filling up the DagBag from /opt/airflow/dags/hello_world.py
[2024-04-17T07:49:39.091+0000] {processor.py:840} INFO - DAG(s) 'hello_world' retrieved from /opt/airflow/dags/hello_world.py
[2024-04-17T07:49:39.179+0000] {logging_mixin.py:188} INFO - [2024-04-17T07:49:39.166+0000] {dag.py:3096} INFO - Sync 1 DAGs
[2024-04-17T07:49:39.223+0000] {logging_mixin.py:188} INFO - [2024-04-17T07:49:39.223+0000] {dag.py:3954} INFO - Setting next_dagrun for hello_world to 2024-04-16 00:00:00+00:00, run_after=2024-04-17 00:00:00+00:00
[2024-04-17T07:49:39.362+0000] {processor.py:183} INFO - Processing /opt/airflow/dags/hello_world.py took 0.352 seconds
[2024-04-17T07:59:53.582+0000] {processor.py:161} INFO - Started process (PID=403) to work on /opt/airflow/dags/hello_world.py
[2024-04-17T07:59:53.585+0000] {processor.py:830} INFO - Processing file /opt/airflow/dags/hello_world.py for tasks to queue
[2024-04-17T07:59:53.592+0000] {logging_mixin.py:188} INFO - [2024-04-17T07:59:53.585+0000] {dagbag.py:540} INFO - Filling up the DagBag from /opt/airflow/dags/hello_world.py
[2024-04-17T07:59:53.932+0000] {processor.py:840} INFO - DAG(s) 'hello_world' retrieved from /opt/airflow/dags/hello_world.py
[2024-04-17T08:00:24.325+0000] {processor.py:161} INFO - Started process (PID=412) to work on /opt/airflow/dags/hello_world.py
[2024-04-17T08:00:24.326+0000] {processor.py:830} INFO - Processing file /opt/airflow/dags/hello_world.py for tasks to queue
[2024-04-17T08:00:24.333+0000] {logging_mixin.py:188} INFO - [2024-04-17T08:00:24.332+0000] {dagbag.py:540} INFO - Filling up the DagBag from /opt/airflow/dags/hello_world.py
[2024-04-17T08:00:24.383+0000] {processor.py:840} INFO - DAG(s) 'hello_world' retrieved from /opt/airflow/dags/hello_world.py
[2024-04-17T08:00:24.429+0000] {logging_mixin.py:188} INFO - [2024-04-17T08:00:24.428+0000] {dag.py:3096} INFO - Sync 1 DAGs
[2024-04-17T08:00:24.463+0000] {logging_mixin.py:188} INFO - [2024-04-17T08:00:24.462+0000] {dag.py:3954} INFO - Setting next_dagrun for hello_world to 2024-04-16 00:00:00+00:00, run_after=2024-04-17 00:00:00+00:00
[2024-04-17T08:00:24.488+0000] {processor.py:183} INFO - Processing /opt/airflow/dags/hello_world.py took 0.173 seconds
[2024-04-17T08:00:54.926+0000] {processor.py:161} INFO - Started process (PID=421) to work on /opt/airflow/dags/hello_world.py
[2024-04-17T08:00:54.928+0000] {processor.py:830} INFO - Processing file /opt/airflow/dags/hello_world.py for tasks to queue
[2024-04-17T08:00:54.930+0000] {logging_mixin.py:188} INFO - [2024-04-17T08:00:54.930+0000] {dagbag.py:540} INFO - Filling up the DagBag from /opt/airflow/dags/hello_world.py
[2024-04-17T08:00:54.957+0000] {processor.py:840} INFO - DAG(s) 'hello_world' retrieved from /opt/airflow/dags/hello_world.py
[2024-04-17T08:00:54.994+0000] {logging_mixin.py:188} INFO - [2024-04-17T08:00:54.993+0000] {dag.py:3096} INFO - Sync 1 DAGs
[2024-04-17T08:00:55.034+0000] {logging_mixin.py:188} INFO - [2024-04-17T08:00:55.034+0000] {dag.py:3954} INFO - Setting next_dagrun for hello_world to 2024-04-16 00:00:00+00:00, run_after=2024-04-17 00:00:00+00:00
[2024-04-17T08:00:55.061+0000] {processor.py:183} INFO - Processing /opt/airflow/dags/hello_world.py took 0.149 seconds
[2024-04-17T08:01:27.200+0000] {processor.py:161} INFO - Started process (PID=424) to work on /opt/airflow/dags/hello_world.py
[2024-04-17T08:01:27.202+0000] {processor.py:830} INFO - Processing file /opt/airflow/dags/hello_world.py for tasks to queue
[2024-04-17T08:01:27.214+0000] {logging_mixin.py:188} INFO - [2024-04-17T08:01:27.212+0000] {dagbag.py:540} INFO - Filling up the DagBag from /opt/airflow/dags/hello_world.py
[2024-04-17T08:01:27.438+0000] {processor.py:840} INFO - DAG(s) 'hello_world' retrieved from /opt/airflow/dags/hello_world.py
[2024-04-17T08:01:27.776+0000] {logging_mixin.py:188} INFO - [2024-04-17T08:01:27.774+0000] {dag.py:3096} INFO - Sync 1 DAGs
[2024-04-17T08:01:27.863+0000] {logging_mixin.py:188} INFO - [2024-04-17T08:01:27.862+0000] {dag.py:3954} INFO - Setting next_dagrun for hello_world to 2024-04-16 00:00:00+00:00, run_after=2024-04-17 00:00:00+00:00
[2024-04-17T08:01:27.918+0000] {processor.py:183} INFO - Processing /opt/airflow/dags/hello_world.py took 0.749 seconds
[2024-04-17T08:01:58.503+0000] {processor.py:161} INFO - Started process (PID=440) to work on /opt/airflow/dags/hello_world.py
[2024-04-17T08:01:58.505+0000] {processor.py:830} INFO - Processing file /opt/airflow/dags/hello_world.py for tasks to queue
[2024-04-17T08:01:58.509+0000] {logging_mixin.py:188} INFO - [2024-04-17T08:01:58.508+0000] {dagbag.py:540} INFO - Filling up the DagBag from /opt/airflow/dags/hello_world.py
[2024-04-17T08:01:58.543+0000] {processor.py:840} INFO - DAG(s) 'hello_world' retrieved from /opt/airflow/dags/hello_world.py
[2024-04-17T08:01:58.577+0000] {logging_mixin.py:188} INFO - [2024-04-17T08:01:58.577+0000] {dag.py:3096} INFO - Sync 1 DAGs
[2024-04-17T08:01:58.612+0000] {logging_mixin.py:188} INFO - [2024-04-17T08:01:58.611+0000] {dag.py:3954} INFO - Setting next_dagrun for hello_world to 2024-04-16 00:00:00+00:00, run_after=2024-04-17 00:00:00+00:00
[2024-04-17T08:01:58.638+0000] {processor.py:183} INFO - Processing /opt/airflow/dags/hello_world.py took 0.146 seconds
[2024-04-17T08:02:28.942+0000] {processor.py:161} INFO - Started process (PID=449) to work on /opt/airflow/dags/hello_world.py
[2024-04-17T08:02:28.943+0000] {processor.py:830} INFO - Processing file /opt/airflow/dags/hello_world.py for tasks to queue
[2024-04-17T08:02:28.945+0000] {logging_mixin.py:188} INFO - [2024-04-17T08:02:28.945+0000] {dagbag.py:540} INFO - Filling up the DagBag from /opt/airflow/dags/hello_world.py
[2024-04-17T08:02:28.968+0000] {processor.py:840} INFO - DAG(s) 'hello_world' retrieved from /opt/airflow/dags/hello_world.py
[2024-04-17T08:02:28.998+0000] {logging_mixin.py:188} INFO - [2024-04-17T08:02:28.997+0000] {dag.py:3096} INFO - Sync 1 DAGs
[2024-04-17T08:02:29.024+0000] {logging_mixin.py:188} INFO - [2024-04-17T08:02:29.024+0000] {dag.py:3954} INFO - Setting next_dagrun for hello_world to 2024-04-16 00:00:00+00:00, run_after=2024-04-17 00:00:00+00:00
[2024-04-17T08:02:29.048+0000] {processor.py:183} INFO - Processing /opt/airflow/dags/hello_world.py took 0.114 seconds
[2024-04-17T08:02:59.241+0000] {processor.py:161} INFO - Started process (PID=458) to work on /opt/airflow/dags/hello_world.py
[2024-04-17T08:02:59.242+0000] {processor.py:830} INFO - Processing file /opt/airflow/dags/hello_world.py for tasks to queue
[2024-04-17T08:02:59.245+0000] {logging_mixin.py:188} INFO - [2024-04-17T08:02:59.245+0000] {dagbag.py:540} INFO - Filling up the DagBag from /opt/airflow/dags/hello_world.py
[2024-04-17T08:02:59.272+0000] {processor.py:840} INFO - DAG(s) 'hello_world' retrieved from /opt/airflow/dags/hello_world.py
[2024-04-17T08:02:59.310+0000] {logging_mixin.py:188} INFO - [2024-04-17T08:02:59.309+0000] {dag.py:3096} INFO - Sync 1 DAGs
[2024-04-17T08:02:59.345+0000] {logging_mixin.py:188} INFO - [2024-04-17T08:02:59.345+0000] {dag.py:3954} INFO - Setting next_dagrun for hello_world to 2024-04-16 00:00:00+00:00, run_after=2024-04-17 00:00:00+00:00
[2024-04-17T08:02:59.372+0000] {processor.py:183} INFO - Processing /opt/airflow/dags/hello_world.py took 0.141 seconds
[2024-04-17T08:03:29.668+0000] {processor.py:161} INFO - Started process (PID=467) to work on /opt/airflow/dags/hello_world.py
[2024-04-17T08:03:29.670+0000] {processor.py:830} INFO - Processing file /opt/airflow/dags/hello_world.py for tasks to queue
[2024-04-17T08:03:29.672+0000] {logging_mixin.py:188} INFO - [2024-04-17T08:03:29.671+0000] {dagbag.py:540} INFO - Filling up the DagBag from /opt/airflow/dags/hello_world.py
[2024-04-17T08:03:29.703+0000] {processor.py:840} INFO - DAG(s) 'hello_world' retrieved from /opt/airflow/dags/hello_world.py
[2024-04-17T08:03:29.734+0000] {logging_mixin.py:188} INFO - [2024-04-17T08:03:29.733+0000] {dag.py:3096} INFO - Sync 1 DAGs
[2024-04-17T08:03:29.762+0000] {logging_mixin.py:188} INFO - [2024-04-17T08:03:29.761+0000] {dag.py:3954} INFO - Setting next_dagrun for hello_world to 2024-04-16 00:00:00+00:00, run_after=2024-04-17 00:00:00+00:00
[2024-04-17T08:03:29.787+0000] {processor.py:183} INFO - Processing /opt/airflow/dags/hello_world.py took 0.127 seconds
[2024-04-17T08:03:59.982+0000] {processor.py:161} INFO - Started process (PID=476) to work on /opt/airflow/dags/hello_world.py
[2024-04-17T08:03:59.984+0000] {processor.py:830} INFO - Processing file /opt/airflow/dags/hello_world.py for tasks to queue
[2024-04-17T08:03:59.986+0000] {logging_mixin.py:188} INFO - [2024-04-17T08:03:59.986+0000] {dagbag.py:540} INFO - Filling up the DagBag from /opt/airflow/dags/hello_world.py
[2024-04-17T08:04:00.025+0000] {processor.py:840} INFO - DAG(s) 'hello_world' retrieved from /opt/airflow/dags/hello_world.py
[2024-04-17T08:04:00.057+0000] {logging_mixin.py:188} INFO - [2024-04-17T08:04:00.057+0000] {dag.py:3096} INFO - Sync 1 DAGs
[2024-04-17T08:04:00.085+0000] {logging_mixin.py:188} INFO - [2024-04-17T08:04:00.084+0000] {dag.py:3954} INFO - Setting next_dagrun for hello_world to 2024-04-16 00:00:00+00:00, run_after=2024-04-17 00:00:00+00:00
[2024-04-17T08:04:00.110+0000] {processor.py:183} INFO - Processing /opt/airflow/dags/hello_world.py took 0.136 seconds
