[2024-04-14T09:55:15.661+0000] {processor.py:161} INFO - Started process (PID=210) to work on /opt/airflow/dags/hello_world.py
[2024-04-14T09:55:15.663+0000] {processor.py:830} INFO - Processing file /opt/airflow/dags/hello_world.py for tasks to queue
[2024-04-14T09:55:15.714+0000] {logging_mixin.py:188} INFO - [2024-04-14T09:55:15.708+0000] {dagbag.py:540} INFO - Filling up the DagBag from /opt/airflow/dags/hello_world.py
[2024-04-14T09:55:15.761+0000] {processor.py:842} WARNING - No viable dags retrieved from /opt/airflow/dags/hello_world.py
[2024-04-14T09:55:15.811+0000] {processor.py:183} INFO - Processing /opt/airflow/dags/hello_world.py took 0.243 seconds
[2024-04-14T09:55:46.080+0000] {processor.py:161} INFO - Started process (PID=217) to work on /opt/airflow/dags/hello_world.py
[2024-04-14T09:55:46.082+0000] {processor.py:830} INFO - Processing file /opt/airflow/dags/hello_world.py for tasks to queue
[2024-04-14T09:55:46.084+0000] {logging_mixin.py:188} INFO - [2024-04-14T09:55:46.084+0000] {dagbag.py:540} INFO - Filling up the DagBag from /opt/airflow/dags/hello_world.py
[2024-04-14T09:55:46.107+0000] {processor.py:842} WARNING - No viable dags retrieved from /opt/airflow/dags/hello_world.py
[2024-04-14T09:55:46.128+0000] {processor.py:183} INFO - Processing /opt/airflow/dags/hello_world.py took 0.057 seconds
[2024-04-14T09:56:16.304+0000] {processor.py:161} INFO - Started process (PID=224) to work on /opt/airflow/dags/hello_world.py
[2024-04-14T09:56:16.307+0000] {processor.py:830} INFO - Processing file /opt/airflow/dags/hello_world.py for tasks to queue
[2024-04-14T09:56:16.309+0000] {logging_mixin.py:188} INFO - [2024-04-14T09:56:16.309+0000] {dagbag.py:540} INFO - Filling up the DagBag from /opt/airflow/dags/hello_world.py
[2024-04-14T09:56:16.327+0000] {processor.py:842} WARNING - No viable dags retrieved from /opt/airflow/dags/hello_world.py
[2024-04-14T09:56:16.342+0000] {processor.py:183} INFO - Processing /opt/airflow/dags/hello_world.py took 0.046 seconds
[2024-04-14T09:56:46.564+0000] {processor.py:161} INFO - Started process (PID=231) to work on /opt/airflow/dags/hello_world.py
[2024-04-14T09:56:46.566+0000] {processor.py:830} INFO - Processing file /opt/airflow/dags/hello_world.py for tasks to queue
[2024-04-14T09:56:46.570+0000] {logging_mixin.py:188} INFO - [2024-04-14T09:56:46.568+0000] {dagbag.py:540} INFO - Filling up the DagBag from /opt/airflow/dags/hello_world.py
[2024-04-14T09:56:46.593+0000] {processor.py:842} WARNING - No viable dags retrieved from /opt/airflow/dags/hello_world.py
[2024-04-14T09:56:46.611+0000] {processor.py:183} INFO - Processing /opt/airflow/dags/hello_world.py took 0.054 seconds
[2024-04-14T09:56:55.669+0000] {processor.py:161} INFO - Started process (PID=238) to work on /opt/airflow/dags/hello_world.py
[2024-04-14T09:56:55.670+0000] {processor.py:830} INFO - Processing file /opt/airflow/dags/hello_world.py for tasks to queue
[2024-04-14T09:56:55.673+0000] {logging_mixin.py:188} INFO - [2024-04-14T09:56:55.673+0000] {dagbag.py:540} INFO - Filling up the DagBag from /opt/airflow/dags/hello_world.py
[2024-04-14T09:56:55.774+0000] {processor.py:840} INFO - DAG(s) 'hello_world' retrieved from /opt/airflow/dags/hello_world.py
[2024-04-14T09:56:56.272+0000] {logging_mixin.py:188} INFO - [2024-04-14T09:56:56.271+0000] {override.py:1829} INFO - Created Permission View: can edit on DAG:hello_world
[2024-04-14T09:56:56.293+0000] {logging_mixin.py:188} INFO - [2024-04-14T09:56:56.292+0000] {override.py:1829} INFO - Created Permission View: can delete on DAG:hello_world
[2024-04-14T09:56:56.302+0000] {logging_mixin.py:188} INFO - [2024-04-14T09:56:56.302+0000] {override.py:1829} INFO - Created Permission View: can read on DAG:hello_world
[2024-04-14T09:56:56.303+0000] {logging_mixin.py:188} INFO - [2024-04-14T09:56:56.303+0000] {dag.py:3096} INFO - Sync 1 DAGs
[2024-04-14T09:56:56.333+0000] {logging_mixin.py:188} INFO - [2024-04-14T09:56:56.332+0000] {dag.py:3118} INFO - Creating ORM DAG for hello_world
[2024-04-14T09:56:56.383+0000] {logging_mixin.py:188} INFO - [2024-04-14T09:56:56.383+0000] {dag.py:3954} INFO - Setting next_dagrun for hello_world to 2024-04-13 00:00:00+00:00, run_after=2024-04-14 00:00:00+00:00
[2024-04-14T09:56:56.421+0000] {processor.py:183} INFO - Processing /opt/airflow/dags/hello_world.py took 0.760 seconds
[2024-04-14T09:57:02.775+0000] {processor.py:161} INFO - Started process (PID=239) to work on /opt/airflow/dags/hello_world.py
[2024-04-14T09:57:02.776+0000] {processor.py:830} INFO - Processing file /opt/airflow/dags/hello_world.py for tasks to queue
[2024-04-14T09:57:02.779+0000] {logging_mixin.py:188} INFO - [2024-04-14T09:57:02.778+0000] {dagbag.py:540} INFO - Filling up the DagBag from /opt/airflow/dags/hello_world.py
[2024-04-14T09:57:02.820+0000] {processor.py:840} INFO - DAG(s) 'hello_world' retrieved from /opt/airflow/dags/hello_world.py
[2024-04-14T09:57:02.839+0000] {logging_mixin.py:188} INFO - [2024-04-14T09:57:02.839+0000] {dag.py:3096} INFO - Sync 1 DAGs
[2024-04-14T09:57:02.868+0000] {logging_mixin.py:188} INFO - [2024-04-14T09:57:02.868+0000] {dag.py:3954} INFO - Setting next_dagrun for hello_world to 2024-04-13 00:00:00+00:00, run_after=2024-04-14 00:00:00+00:00
[2024-04-14T09:57:02.900+0000] {processor.py:183} INFO - Processing /opt/airflow/dags/hello_world.py took 0.134 seconds
[2024-04-14T09:57:03.790+0000] {processor.py:161} INFO - Started process (PID=240) to work on /opt/airflow/dags/hello_world.py
[2024-04-14T09:57:03.792+0000] {processor.py:830} INFO - Processing file /opt/airflow/dags/hello_world.py for tasks to queue
[2024-04-14T09:57:03.794+0000] {logging_mixin.py:188} INFO - [2024-04-14T09:57:03.794+0000] {dagbag.py:540} INFO - Filling up the DagBag from /opt/airflow/dags/hello_world.py
[2024-04-14T09:57:03.837+0000] {processor.py:840} INFO - DAG(s) 'hello_world' retrieved from /opt/airflow/dags/hello_world.py
[2024-04-14T09:57:03.853+0000] {logging_mixin.py:188} INFO - [2024-04-14T09:57:03.853+0000] {dag.py:3096} INFO - Sync 1 DAGs
[2024-04-14T09:57:03.883+0000] {logging_mixin.py:188} INFO - [2024-04-14T09:57:03.883+0000] {dag.py:3954} INFO - Setting next_dagrun for hello_world to 2024-04-13 00:00:00+00:00, run_after=2024-04-14 00:00:00+00:00
[2024-04-14T09:57:03.913+0000] {processor.py:183} INFO - Processing /opt/airflow/dags/hello_world.py took 0.130 seconds
[2024-04-14T09:57:04.824+0000] {processor.py:161} INFO - Started process (PID=241) to work on /opt/airflow/dags/hello_world.py
[2024-04-14T09:57:04.826+0000] {processor.py:830} INFO - Processing file /opt/airflow/dags/hello_world.py for tasks to queue
[2024-04-14T09:57:04.829+0000] {logging_mixin.py:188} INFO - [2024-04-14T09:57:04.829+0000] {dagbag.py:540} INFO - Filling up the DagBag from /opt/airflow/dags/hello_world.py
[2024-04-14T09:57:04.864+0000] {processor.py:840} INFO - DAG(s) 'hello_world' retrieved from /opt/airflow/dags/hello_world.py
[2024-04-14T09:57:04.879+0000] {logging_mixin.py:188} INFO - [2024-04-14T09:57:04.879+0000] {dag.py:3096} INFO - Sync 1 DAGs
[2024-04-14T09:57:04.906+0000] {logging_mixin.py:188} INFO - [2024-04-14T09:57:04.906+0000] {dag.py:3954} INFO - Setting next_dagrun for hello_world to 2024-04-13 00:00:00+00:00, run_after=2024-04-14 00:00:00+00:00
[2024-04-14T09:57:04.937+0000] {processor.py:183} INFO - Processing /opt/airflow/dags/hello_world.py took 0.120 seconds
[2024-04-14T09:57:05.971+0000] {processor.py:161} INFO - Started process (PID=242) to work on /opt/airflow/dags/hello_world.py
[2024-04-14T09:57:05.972+0000] {processor.py:830} INFO - Processing file /opt/airflow/dags/hello_world.py for tasks to queue
[2024-04-14T09:57:05.976+0000] {logging_mixin.py:188} INFO - [2024-04-14T09:57:05.976+0000] {dagbag.py:540} INFO - Filling up the DagBag from /opt/airflow/dags/hello_world.py
[2024-04-14T09:57:06.021+0000] {processor.py:840} INFO - DAG(s) 'hello_world' retrieved from /opt/airflow/dags/hello_world.py
[2024-04-14T09:57:06.036+0000] {logging_mixin.py:188} INFO - [2024-04-14T09:57:06.036+0000] {dag.py:3096} INFO - Sync 1 DAGs
[2024-04-14T09:57:06.066+0000] {logging_mixin.py:188} INFO - [2024-04-14T09:57:06.066+0000] {dag.py:3954} INFO - Setting next_dagrun for hello_world to 2024-04-13 00:00:00+00:00, run_after=2024-04-14 00:00:00+00:00
[2024-04-14T09:57:06.095+0000] {processor.py:183} INFO - Processing /opt/airflow/dags/hello_world.py took 0.132 seconds
[2024-04-14T09:57:50.482+0000] {processor.py:161} INFO - Started process (PID=243) to work on /opt/airflow/dags/hello_world.py
[2024-04-14T09:57:50.500+0000] {processor.py:830} INFO - Processing file /opt/airflow/dags/hello_world.py for tasks to queue
[2024-04-14T09:57:50.771+0000] {logging_mixin.py:188} INFO - [2024-04-14T09:57:50.508+0000] {dagbag.py:540} INFO - Filling up the DagBag from /opt/airflow/dags/hello_world.py
[2024-04-14T09:58:02.043+0000] {processor.py:840} INFO - DAG(s) 'hello_world' retrieved from /opt/airflow/dags/hello_world.py
[2024-04-14T09:59:39.938+0000] {processor.py:161} INFO - Started process (PID=244) to work on /opt/airflow/dags/hello_world.py
[2024-04-14T09:59:39.945+0000] {processor.py:830} INFO - Processing file /opt/airflow/dags/hello_world.py for tasks to queue
[2024-04-14T09:59:39.949+0000] {logging_mixin.py:188} INFO - [2024-04-14T09:59:39.948+0000] {dagbag.py:540} INFO - Filling up the DagBag from /opt/airflow/dags/hello_world.py
[2024-04-14T09:59:40.073+0000] {processor.py:840} INFO - DAG(s) 'hello_world' retrieved from /opt/airflow/dags/hello_world.py
[2024-04-14T09:59:40.396+0000] {logging_mixin.py:188} INFO - [2024-04-14T09:59:40.393+0000] {dag.py:3096} INFO - Sync 1 DAGs
[2024-04-14T09:59:40.434+0000] {logging_mixin.py:188} INFO - [2024-04-14T09:59:40.433+0000] {dag.py:3954} INFO - Setting next_dagrun for hello_world to 2024-04-13 00:00:00+00:00, run_after=2024-04-14 00:00:00+00:00
[2024-04-14T09:59:40.494+0000] {processor.py:183} INFO - Processing /opt/airflow/dags/hello_world.py took 0.594 seconds
[2024-04-14T10:01:11.637+0000] {processor.py:161} INFO - Started process (PID=245) to work on /opt/airflow/dags/hello_world.py
[2024-04-14T10:01:11.639+0000] {processor.py:830} INFO - Processing file /opt/airflow/dags/hello_world.py for tasks to queue
[2024-04-14T10:01:11.640+0000] {logging_mixin.py:188} INFO - [2024-04-14T10:01:11.640+0000] {dagbag.py:540} INFO - Filling up the DagBag from /opt/airflow/dags/hello_world.py
[2024-04-14T10:01:11.697+0000] {processor.py:840} INFO - DAG(s) 'hello_world' retrieved from /opt/airflow/dags/hello_world.py
[2024-04-14T10:01:11.750+0000] {logging_mixin.py:188} INFO - [2024-04-14T10:01:11.750+0000] {dag.py:3096} INFO - Sync 1 DAGs
[2024-04-14T10:01:11.792+0000] {logging_mixin.py:188} INFO - [2024-04-14T10:01:11.792+0000] {dag.py:3954} INFO - Setting next_dagrun for hello_world to 2024-04-13 00:00:00+00:00, run_after=2024-04-14 00:00:00+00:00
[2024-04-14T10:01:11.822+0000] {processor.py:183} INFO - Processing /opt/airflow/dags/hello_world.py took 0.226 seconds
[2024-04-14T10:01:42.057+0000] {processor.py:161} INFO - Started process (PID=251) to work on /opt/airflow/dags/hello_world.py
[2024-04-14T10:01:42.059+0000] {processor.py:830} INFO - Processing file /opt/airflow/dags/hello_world.py for tasks to queue
[2024-04-14T10:01:42.060+0000] {logging_mixin.py:188} INFO - [2024-04-14T10:01:42.060+0000] {dagbag.py:540} INFO - Filling up the DagBag from /opt/airflow/dags/hello_world.py
[2024-04-14T10:01:42.101+0000] {processor.py:840} INFO - DAG(s) 'hello_world' retrieved from /opt/airflow/dags/hello_world.py
[2024-04-14T10:01:42.155+0000] {logging_mixin.py:188} INFO - [2024-04-14T10:01:42.154+0000] {dag.py:3096} INFO - Sync 1 DAGs
[2024-04-14T10:01:42.205+0000] {logging_mixin.py:188} INFO - [2024-04-14T10:01:42.204+0000] {dag.py:3954} INFO - Setting next_dagrun for hello_world to 2024-04-13 00:00:00+00:00, run_after=2024-04-14 00:00:00+00:00
[2024-04-14T10:01:42.233+0000] {processor.py:183} INFO - Processing /opt/airflow/dags/hello_world.py took 0.183 seconds
[2024-04-14T10:02:12.294+0000] {processor.py:161} INFO - Started process (PID=258) to work on /opt/airflow/dags/hello_world.py
[2024-04-14T10:02:12.296+0000] {processor.py:830} INFO - Processing file /opt/airflow/dags/hello_world.py for tasks to queue
[2024-04-14T10:02:12.297+0000] {logging_mixin.py:188} INFO - [2024-04-14T10:02:12.297+0000] {dagbag.py:540} INFO - Filling up the DagBag from /opt/airflow/dags/hello_world.py
[2024-04-14T10:02:12.328+0000] {processor.py:840} INFO - DAG(s) 'hello_world' retrieved from /opt/airflow/dags/hello_world.py
[2024-04-14T10:02:12.372+0000] {logging_mixin.py:188} INFO - [2024-04-14T10:02:12.372+0000] {dag.py:3096} INFO - Sync 1 DAGs
[2024-04-14T10:02:12.402+0000] {logging_mixin.py:188} INFO - [2024-04-14T10:02:12.402+0000] {dag.py:3954} INFO - Setting next_dagrun for hello_world to 2024-04-13 00:00:00+00:00, run_after=2024-04-14 00:00:00+00:00
[2024-04-14T10:02:12.428+0000] {processor.py:183} INFO - Processing /opt/airflow/dags/hello_world.py took 0.143 seconds
[2024-04-14T10:02:42.673+0000] {processor.py:161} INFO - Started process (PID=265) to work on /opt/airflow/dags/hello_world.py
[2024-04-14T10:02:42.674+0000] {processor.py:830} INFO - Processing file /opt/airflow/dags/hello_world.py for tasks to queue
[2024-04-14T10:02:42.675+0000] {logging_mixin.py:188} INFO - [2024-04-14T10:02:42.675+0000] {dagbag.py:540} INFO - Filling up the DagBag from /opt/airflow/dags/hello_world.py
[2024-04-14T10:02:42.712+0000] {processor.py:840} INFO - DAG(s) 'hello_world' retrieved from /opt/airflow/dags/hello_world.py
[2024-04-14T10:02:42.756+0000] {logging_mixin.py:188} INFO - [2024-04-14T10:02:42.756+0000] {dag.py:3096} INFO - Sync 1 DAGs
[2024-04-14T10:02:42.782+0000] {logging_mixin.py:188} INFO - [2024-04-14T10:02:42.782+0000] {dag.py:3954} INFO - Setting next_dagrun for hello_world to 2024-04-13 00:00:00+00:00, run_after=2024-04-14 00:00:00+00:00
[2024-04-14T10:02:42.806+0000] {processor.py:183} INFO - Processing /opt/airflow/dags/hello_world.py took 0.141 seconds
[2024-04-14T10:03:12.884+0000] {processor.py:161} INFO - Started process (PID=272) to work on /opt/airflow/dags/hello_world.py
[2024-04-14T10:03:12.886+0000] {processor.py:830} INFO - Processing file /opt/airflow/dags/hello_world.py for tasks to queue
[2024-04-14T10:03:12.887+0000] {logging_mixin.py:188} INFO - [2024-04-14T10:03:12.887+0000] {dagbag.py:540} INFO - Filling up the DagBag from /opt/airflow/dags/hello_world.py
[2024-04-14T10:03:12.920+0000] {processor.py:840} INFO - DAG(s) 'hello_world' retrieved from /opt/airflow/dags/hello_world.py
[2024-04-14T10:03:12.960+0000] {logging_mixin.py:188} INFO - [2024-04-14T10:03:12.959+0000] {dag.py:3096} INFO - Sync 1 DAGs
[2024-04-14T10:03:12.989+0000] {logging_mixin.py:188} INFO - [2024-04-14T10:03:12.989+0000] {dag.py:3954} INFO - Setting next_dagrun for hello_world to 2024-04-14 00:00:00+00:00, run_after=2024-04-15 00:00:00+00:00
[2024-04-14T10:03:13.013+0000] {processor.py:183} INFO - Processing /opt/airflow/dags/hello_world.py took 0.136 seconds
[2024-04-14T10:06:39.306+0000] {processor.py:161} INFO - Started process (PID=273) to work on /opt/airflow/dags/hello_world.py
[2024-04-14T10:06:39.364+0000] {processor.py:830} INFO - Processing file /opt/airflow/dags/hello_world.py for tasks to queue
[2024-04-14T10:06:39.458+0000] {logging_mixin.py:188} INFO - [2024-04-14T10:06:39.370+0000] {dagbag.py:540} INFO - Filling up the DagBag from /opt/airflow/dags/hello_world.py
[2024-04-14T14:33:28.324+0000] {processor.py:161} INFO - Started process (PID=30) to work on /opt/airflow/dags/hello_world.py
[2024-04-14T14:33:28.325+0000] {processor.py:830} INFO - Processing file /opt/airflow/dags/hello_world.py for tasks to queue
[2024-04-14T14:33:28.329+0000] {logging_mixin.py:188} INFO - [2024-04-14T14:33:28.328+0000] {dagbag.py:540} INFO - Filling up the DagBag from /opt/airflow/dags/hello_world.py
[2024-04-14T14:33:28.376+0000] {processor.py:840} INFO - DAG(s) 'hello_world' retrieved from /opt/airflow/dags/hello_world.py
[2024-04-14T14:33:28.778+0000] {logging_mixin.py:188} INFO - [2024-04-14T14:33:28.777+0000] {override.py:1829} INFO - Created Permission View: can read on DAG:hello_world
[2024-04-14T14:33:28.796+0000] {logging_mixin.py:188} INFO - [2024-04-14T14:33:28.796+0000] {override.py:1829} INFO - Created Permission View: can delete on DAG:hello_world
[2024-04-14T14:33:28.811+0000] {logging_mixin.py:188} INFO - [2024-04-14T14:33:28.811+0000] {override.py:1829} INFO - Created Permission View: can edit on DAG:hello_world
[2024-04-14T14:33:28.812+0000] {logging_mixin.py:188} INFO - [2024-04-14T14:33:28.812+0000] {dag.py:3096} INFO - Sync 1 DAGs
[2024-04-14T14:33:28.836+0000] {logging_mixin.py:188} INFO - [2024-04-14T14:33:28.835+0000] {dag.py:3118} INFO - Creating ORM DAG for hello_world
[2024-04-14T14:33:28.859+0000] {logging_mixin.py:188} INFO - [2024-04-14T14:33:28.859+0000] {dag.py:3954} INFO - Setting next_dagrun for hello_world to 2024-04-13 00:00:00+00:00, run_after=2024-04-14 00:00:00+00:00
[2024-04-14T14:33:28.893+0000] {processor.py:183} INFO - Processing /opt/airflow/dags/hello_world.py took 0.580 seconds
[2024-04-14T14:34:00.087+0000] {processor.py:161} INFO - Started process (PID=37) to work on /opt/airflow/dags/hello_world.py
[2024-04-14T14:34:00.093+0000] {processor.py:830} INFO - Processing file /opt/airflow/dags/hello_world.py for tasks to queue
[2024-04-14T14:34:00.135+0000] {logging_mixin.py:188} INFO - [2024-04-14T14:34:00.130+0000] {dagbag.py:540} INFO - Filling up the DagBag from /opt/airflow/dags/hello_world.py
[2024-04-14T14:34:00.311+0000] {processor.py:840} INFO - DAG(s) 'hello_world' retrieved from /opt/airflow/dags/hello_world.py
[2024-04-14T14:34:00.544+0000] {logging_mixin.py:188} INFO - [2024-04-14T14:34:00.542+0000] {dag.py:3096} INFO - Sync 1 DAGs
[2024-04-14T14:34:00.702+0000] {logging_mixin.py:188} INFO - [2024-04-14T14:34:00.701+0000] {dag.py:3954} INFO - Setting next_dagrun for hello_world to 2024-04-13 00:00:00+00:00, run_after=2024-04-14 00:00:00+00:00
[2024-04-14T14:34:00.793+0000] {processor.py:183} INFO - Processing /opt/airflow/dags/hello_world.py took 0.796 seconds
[2024-04-14T14:34:31.085+0000] {processor.py:161} INFO - Started process (PID=44) to work on /opt/airflow/dags/hello_world.py
[2024-04-14T14:34:31.088+0000] {processor.py:830} INFO - Processing file /opt/airflow/dags/hello_world.py for tasks to queue
[2024-04-14T14:34:31.091+0000] {logging_mixin.py:188} INFO - [2024-04-14T14:34:31.091+0000] {dagbag.py:540} INFO - Filling up the DagBag from /opt/airflow/dags/hello_world.py
[2024-04-14T14:34:31.124+0000] {processor.py:840} INFO - DAG(s) 'hello_world' retrieved from /opt/airflow/dags/hello_world.py
[2024-04-14T14:34:31.196+0000] {logging_mixin.py:188} INFO - [2024-04-14T14:34:31.195+0000] {dag.py:3096} INFO - Sync 1 DAGs
[2024-04-14T14:34:31.240+0000] {logging_mixin.py:188} INFO - [2024-04-14T14:34:31.240+0000] {dag.py:3954} INFO - Setting next_dagrun for hello_world to 2024-04-13 00:00:00+00:00, run_after=2024-04-14 00:00:00+00:00
[2024-04-14T14:34:31.293+0000] {processor.py:183} INFO - Processing /opt/airflow/dags/hello_world.py took 0.215 seconds
[2024-04-14T14:35:01.409+0000] {processor.py:161} INFO - Started process (PID=51) to work on /opt/airflow/dags/hello_world.py
[2024-04-14T14:35:01.411+0000] {processor.py:830} INFO - Processing file /opt/airflow/dags/hello_world.py for tasks to queue
[2024-04-14T14:35:01.414+0000] {logging_mixin.py:188} INFO - [2024-04-14T14:35:01.414+0000] {dagbag.py:540} INFO - Filling up the DagBag from /opt/airflow/dags/hello_world.py
[2024-04-14T14:35:01.445+0000] {processor.py:840} INFO - DAG(s) 'hello_world' retrieved from /opt/airflow/dags/hello_world.py
[2024-04-14T14:35:01.484+0000] {logging_mixin.py:188} INFO - [2024-04-14T14:35:01.483+0000] {dag.py:3096} INFO - Sync 1 DAGs
[2024-04-14T14:35:01.514+0000] {logging_mixin.py:188} INFO - [2024-04-14T14:35:01.514+0000] {dag.py:3954} INFO - Setting next_dagrun for hello_world to 2024-04-13 00:00:00+00:00, run_after=2024-04-14 00:00:00+00:00
[2024-04-14T14:35:01.543+0000] {processor.py:183} INFO - Processing /opt/airflow/dags/hello_world.py took 0.143 seconds
[2024-04-14T14:35:31.737+0000] {processor.py:161} INFO - Started process (PID=58) to work on /opt/airflow/dags/hello_world.py
[2024-04-14T14:35:31.739+0000] {processor.py:830} INFO - Processing file /opt/airflow/dags/hello_world.py for tasks to queue
[2024-04-14T14:35:31.742+0000] {logging_mixin.py:188} INFO - [2024-04-14T14:35:31.741+0000] {dagbag.py:540} INFO - Filling up the DagBag from /opt/airflow/dags/hello_world.py
[2024-04-14T14:35:31.770+0000] {processor.py:840} INFO - DAG(s) 'hello_world' retrieved from /opt/airflow/dags/hello_world.py
[2024-04-14T14:35:31.803+0000] {logging_mixin.py:188} INFO - [2024-04-14T14:35:31.803+0000] {dag.py:3096} INFO - Sync 1 DAGs
[2024-04-14T14:35:31.831+0000] {logging_mixin.py:188} INFO - [2024-04-14T14:35:31.831+0000] {dag.py:3954} INFO - Setting next_dagrun for hello_world to 2024-04-13 00:00:00+00:00, run_after=2024-04-14 00:00:00+00:00
[2024-04-14T14:35:31.865+0000] {processor.py:183} INFO - Processing /opt/airflow/dags/hello_world.py took 0.138 seconds
[2024-04-14T14:36:02.027+0000] {processor.py:161} INFO - Started process (PID=65) to work on /opt/airflow/dags/hello_world.py
[2024-04-14T14:36:02.028+0000] {processor.py:830} INFO - Processing file /opt/airflow/dags/hello_world.py for tasks to queue
[2024-04-14T14:36:02.031+0000] {logging_mixin.py:188} INFO - [2024-04-14T14:36:02.030+0000] {dagbag.py:540} INFO - Filling up the DagBag from /opt/airflow/dags/hello_world.py
[2024-04-14T14:36:02.065+0000] {processor.py:840} INFO - DAG(s) 'hello_world' retrieved from /opt/airflow/dags/hello_world.py
[2024-04-14T14:36:02.105+0000] {logging_mixin.py:188} INFO - [2024-04-14T14:36:02.104+0000] {dag.py:3096} INFO - Sync 1 DAGs
[2024-04-14T14:36:02.138+0000] {logging_mixin.py:188} INFO - [2024-04-14T14:36:02.137+0000] {dag.py:3954} INFO - Setting next_dagrun for hello_world to 2024-04-13 00:00:00+00:00, run_after=2024-04-14 00:00:00+00:00
[2024-04-14T14:36:02.166+0000] {processor.py:183} INFO - Processing /opt/airflow/dags/hello_world.py took 0.147 seconds
[2024-04-14T14:36:32.352+0000] {processor.py:161} INFO - Started process (PID=72) to work on /opt/airflow/dags/hello_world.py
[2024-04-14T14:36:32.357+0000] {processor.py:830} INFO - Processing file /opt/airflow/dags/hello_world.py for tasks to queue
[2024-04-14T14:36:32.366+0000] {logging_mixin.py:188} INFO - [2024-04-14T14:36:32.363+0000] {dagbag.py:540} INFO - Filling up the DagBag from /opt/airflow/dags/hello_world.py
[2024-04-14T14:36:32.426+0000] {processor.py:840} INFO - DAG(s) 'hello_world' retrieved from /opt/airflow/dags/hello_world.py
[2024-04-14T14:36:32.544+0000] {logging_mixin.py:188} INFO - [2024-04-14T14:36:32.544+0000] {dag.py:3096} INFO - Sync 1 DAGs
[2024-04-14T14:36:32.630+0000] {processor.py:183} INFO - Processing /opt/airflow/dags/hello_world.py took 0.311 seconds
[2024-04-14T14:37:02.856+0000] {processor.py:161} INFO - Started process (PID=85) to work on /opt/airflow/dags/hello_world.py
[2024-04-14T14:37:02.857+0000] {processor.py:830} INFO - Processing file /opt/airflow/dags/hello_world.py for tasks to queue
[2024-04-14T14:37:02.862+0000] {logging_mixin.py:188} INFO - [2024-04-14T14:37:02.861+0000] {dagbag.py:540} INFO - Filling up the DagBag from /opt/airflow/dags/hello_world.py
[2024-04-14T14:37:02.892+0000] {processor.py:840} INFO - DAG(s) 'hello_world' retrieved from /opt/airflow/dags/hello_world.py
[2024-04-14T14:37:02.934+0000] {logging_mixin.py:188} INFO - [2024-04-14T14:37:02.933+0000] {dag.py:3096} INFO - Sync 1 DAGs
[2024-04-14T14:37:02.996+0000] {processor.py:183} INFO - Processing /opt/airflow/dags/hello_world.py took 0.148 seconds
[2024-04-14T14:37:33.121+0000] {processor.py:161} INFO - Started process (PID=92) to work on /opt/airflow/dags/hello_world.py
[2024-04-14T14:37:33.123+0000] {processor.py:830} INFO - Processing file /opt/airflow/dags/hello_world.py for tasks to queue
[2024-04-14T14:37:33.126+0000] {logging_mixin.py:188} INFO - [2024-04-14T14:37:33.126+0000] {dagbag.py:540} INFO - Filling up the DagBag from /opt/airflow/dags/hello_world.py
[2024-04-14T14:37:33.154+0000] {processor.py:840} INFO - DAG(s) 'hello_world' retrieved from /opt/airflow/dags/hello_world.py
[2024-04-14T14:37:33.188+0000] {logging_mixin.py:188} INFO - [2024-04-14T14:37:33.188+0000] {dag.py:3096} INFO - Sync 1 DAGs
[2024-04-14T14:37:33.245+0000] {processor.py:183} INFO - Processing /opt/airflow/dags/hello_world.py took 0.136 seconds
[2024-04-14T14:38:03.436+0000] {processor.py:161} INFO - Started process (PID=99) to work on /opt/airflow/dags/hello_world.py
[2024-04-14T14:38:03.437+0000] {processor.py:830} INFO - Processing file /opt/airflow/dags/hello_world.py for tasks to queue
[2024-04-14T14:38:03.440+0000] {logging_mixin.py:188} INFO - [2024-04-14T14:38:03.439+0000] {dagbag.py:540} INFO - Filling up the DagBag from /opt/airflow/dags/hello_world.py
[2024-04-14T14:38:03.467+0000] {processor.py:840} INFO - DAG(s) 'hello_world' retrieved from /opt/airflow/dags/hello_world.py
[2024-04-14T14:38:03.500+0000] {logging_mixin.py:188} INFO - [2024-04-14T14:38:03.500+0000] {dag.py:3096} INFO - Sync 1 DAGs
[2024-04-14T14:38:03.551+0000] {processor.py:183} INFO - Processing /opt/airflow/dags/hello_world.py took 0.122 seconds
[2024-04-14T14:38:33.765+0000] {processor.py:161} INFO - Started process (PID=106) to work on /opt/airflow/dags/hello_world.py
[2024-04-14T14:38:33.767+0000] {processor.py:830} INFO - Processing file /opt/airflow/dags/hello_world.py for tasks to queue
[2024-04-14T14:38:33.769+0000] {logging_mixin.py:188} INFO - [2024-04-14T14:38:33.769+0000] {dagbag.py:540} INFO - Filling up the DagBag from /opt/airflow/dags/hello_world.py
[2024-04-14T14:38:33.794+0000] {processor.py:840} INFO - DAG(s) 'hello_world' retrieved from /opt/airflow/dags/hello_world.py
[2024-04-14T14:38:33.826+0000] {logging_mixin.py:188} INFO - [2024-04-14T14:38:33.825+0000] {dag.py:3096} INFO - Sync 1 DAGs
[2024-04-14T14:38:33.879+0000] {processor.py:183} INFO - Processing /opt/airflow/dags/hello_world.py took 0.123 seconds
[2024-04-14T14:39:04.012+0000] {processor.py:161} INFO - Started process (PID=113) to work on /opt/airflow/dags/hello_world.py
[2024-04-14T14:39:04.013+0000] {processor.py:830} INFO - Processing file /opt/airflow/dags/hello_world.py for tasks to queue
[2024-04-14T14:39:04.016+0000] {logging_mixin.py:188} INFO - [2024-04-14T14:39:04.015+0000] {dagbag.py:540} INFO - Filling up the DagBag from /opt/airflow/dags/hello_world.py
[2024-04-14T14:39:04.042+0000] {processor.py:840} INFO - DAG(s) 'hello_world' retrieved from /opt/airflow/dags/hello_world.py
[2024-04-14T14:39:04.073+0000] {logging_mixin.py:188} INFO - [2024-04-14T14:39:04.073+0000] {dag.py:3096} INFO - Sync 1 DAGs
[2024-04-14T14:39:04.127+0000] {processor.py:183} INFO - Processing /opt/airflow/dags/hello_world.py took 0.123 seconds
[2024-04-14T14:39:34.366+0000] {processor.py:161} INFO - Started process (PID=120) to work on /opt/airflow/dags/hello_world.py
[2024-04-14T14:39:34.368+0000] {processor.py:830} INFO - Processing file /opt/airflow/dags/hello_world.py for tasks to queue
[2024-04-14T14:39:34.370+0000] {logging_mixin.py:188} INFO - [2024-04-14T14:39:34.370+0000] {dagbag.py:540} INFO - Filling up the DagBag from /opt/airflow/dags/hello_world.py
[2024-04-14T14:39:34.396+0000] {processor.py:840} INFO - DAG(s) 'hello_world' retrieved from /opt/airflow/dags/hello_world.py
[2024-04-14T14:39:34.429+0000] {logging_mixin.py:188} INFO - [2024-04-14T14:39:34.428+0000] {dag.py:3096} INFO - Sync 1 DAGs
[2024-04-14T14:39:34.480+0000] {processor.py:183} INFO - Processing /opt/airflow/dags/hello_world.py took 0.121 seconds
[2024-04-14T14:40:04.586+0000] {processor.py:161} INFO - Started process (PID=127) to work on /opt/airflow/dags/hello_world.py
[2024-04-14T14:40:04.587+0000] {processor.py:830} INFO - Processing file /opt/airflow/dags/hello_world.py for tasks to queue
[2024-04-14T14:40:04.590+0000] {logging_mixin.py:188} INFO - [2024-04-14T14:40:04.589+0000] {dagbag.py:540} INFO - Filling up the DagBag from /opt/airflow/dags/hello_world.py
[2024-04-14T14:40:04.614+0000] {processor.py:840} INFO - DAG(s) 'hello_world' retrieved from /opt/airflow/dags/hello_world.py
[2024-04-14T14:40:04.645+0000] {logging_mixin.py:188} INFO - [2024-04-14T14:40:04.645+0000] {dag.py:3096} INFO - Sync 1 DAGs
[2024-04-14T14:40:04.695+0000] {processor.py:183} INFO - Processing /opt/airflow/dags/hello_world.py took 0.117 seconds
[2024-04-14T14:40:34.922+0000] {processor.py:161} INFO - Started process (PID=134) to work on /opt/airflow/dags/hello_world.py
[2024-04-14T14:40:34.923+0000] {processor.py:830} INFO - Processing file /opt/airflow/dags/hello_world.py for tasks to queue
[2024-04-14T14:40:34.926+0000] {logging_mixin.py:188} INFO - [2024-04-14T14:40:34.925+0000] {dagbag.py:540} INFO - Filling up the DagBag from /opt/airflow/dags/hello_world.py
[2024-04-14T14:40:34.954+0000] {processor.py:840} INFO - DAG(s) 'hello_world' retrieved from /opt/airflow/dags/hello_world.py
[2024-04-14T14:40:34.988+0000] {logging_mixin.py:188} INFO - [2024-04-14T14:40:34.988+0000] {dag.py:3096} INFO - Sync 1 DAGs
[2024-04-14T14:40:35.050+0000] {processor.py:183} INFO - Processing /opt/airflow/dags/hello_world.py took 0.135 seconds
[2024-04-14T14:41:05.147+0000] {processor.py:161} INFO - Started process (PID=141) to work on /opt/airflow/dags/hello_world.py
[2024-04-14T14:41:05.149+0000] {processor.py:830} INFO - Processing file /opt/airflow/dags/hello_world.py for tasks to queue
[2024-04-14T14:41:05.151+0000] {logging_mixin.py:188} INFO - [2024-04-14T14:41:05.151+0000] {dagbag.py:540} INFO - Filling up the DagBag from /opt/airflow/dags/hello_world.py
[2024-04-14T14:41:05.189+0000] {processor.py:840} INFO - DAG(s) 'hello_world' retrieved from /opt/airflow/dags/hello_world.py
[2024-04-14T14:41:05.226+0000] {logging_mixin.py:188} INFO - [2024-04-14T14:41:05.226+0000] {dag.py:3096} INFO - Sync 1 DAGs
[2024-04-14T14:41:05.293+0000] {processor.py:183} INFO - Processing /opt/airflow/dags/hello_world.py took 0.153 seconds
[2024-04-14T14:41:35.496+0000] {processor.py:161} INFO - Started process (PID=148) to work on /opt/airflow/dags/hello_world.py
[2024-04-14T14:41:35.498+0000] {processor.py:830} INFO - Processing file /opt/airflow/dags/hello_world.py for tasks to queue
[2024-04-14T14:41:35.500+0000] {logging_mixin.py:188} INFO - [2024-04-14T14:41:35.500+0000] {dagbag.py:540} INFO - Filling up the DagBag from /opt/airflow/dags/hello_world.py
[2024-04-14T14:41:35.524+0000] {processor.py:840} INFO - DAG(s) 'hello_world' retrieved from /opt/airflow/dags/hello_world.py
[2024-04-14T14:41:35.553+0000] {logging_mixin.py:188} INFO - [2024-04-14T14:41:35.553+0000] {dag.py:3096} INFO - Sync 1 DAGs
[2024-04-14T14:41:35.603+0000] {processor.py:183} INFO - Processing /opt/airflow/dags/hello_world.py took 0.114 seconds
[2024-04-14T14:42:05.727+0000] {processor.py:161} INFO - Started process (PID=155) to work on /opt/airflow/dags/hello_world.py
[2024-04-14T14:42:05.728+0000] {processor.py:830} INFO - Processing file /opt/airflow/dags/hello_world.py for tasks to queue
[2024-04-14T14:42:05.731+0000] {logging_mixin.py:188} INFO - [2024-04-14T14:42:05.730+0000] {dagbag.py:540} INFO - Filling up the DagBag from /opt/airflow/dags/hello_world.py
[2024-04-14T14:42:05.756+0000] {processor.py:840} INFO - DAG(s) 'hello_world' retrieved from /opt/airflow/dags/hello_world.py
[2024-04-14T14:42:05.790+0000] {logging_mixin.py:188} INFO - [2024-04-14T14:42:05.790+0000] {dag.py:3096} INFO - Sync 1 DAGs
[2024-04-14T14:42:05.841+0000] {processor.py:183} INFO - Processing /opt/airflow/dags/hello_world.py took 0.125 seconds
[2024-04-14T14:42:36.053+0000] {processor.py:161} INFO - Started process (PID=162) to work on /opt/airflow/dags/hello_world.py
[2024-04-14T14:42:36.055+0000] {processor.py:830} INFO - Processing file /opt/airflow/dags/hello_world.py for tasks to queue
[2024-04-14T14:42:36.057+0000] {logging_mixin.py:188} INFO - [2024-04-14T14:42:36.056+0000] {dagbag.py:540} INFO - Filling up the DagBag from /opt/airflow/dags/hello_world.py
[2024-04-14T14:42:36.082+0000] {processor.py:840} INFO - DAG(s) 'hello_world' retrieved from /opt/airflow/dags/hello_world.py
[2024-04-14T14:42:36.117+0000] {logging_mixin.py:188} INFO - [2024-04-14T14:42:36.117+0000] {dag.py:3096} INFO - Sync 1 DAGs
[2024-04-14T14:42:36.175+0000] {processor.py:183} INFO - Processing /opt/airflow/dags/hello_world.py took 0.128 seconds
[2024-04-14T14:43:06.335+0000] {processor.py:161} INFO - Started process (PID=169) to work on /opt/airflow/dags/hello_world.py
[2024-04-14T14:43:06.337+0000] {processor.py:830} INFO - Processing file /opt/airflow/dags/hello_world.py for tasks to queue
[2024-04-14T14:43:06.341+0000] {logging_mixin.py:188} INFO - [2024-04-14T14:43:06.340+0000] {dagbag.py:540} INFO - Filling up the DagBag from /opt/airflow/dags/hello_world.py
[2024-04-14T14:43:06.369+0000] {processor.py:840} INFO - DAG(s) 'hello_world' retrieved from /opt/airflow/dags/hello_world.py
[2024-04-14T14:43:06.400+0000] {logging_mixin.py:188} INFO - [2024-04-14T14:43:06.400+0000] {dag.py:3096} INFO - Sync 1 DAGs
[2024-04-14T14:43:06.449+0000] {processor.py:183} INFO - Processing /opt/airflow/dags/hello_world.py took 0.129 seconds
[2024-04-14T14:43:36.674+0000] {processor.py:161} INFO - Started process (PID=176) to work on /opt/airflow/dags/hello_world.py
[2024-04-14T14:43:36.675+0000] {processor.py:830} INFO - Processing file /opt/airflow/dags/hello_world.py for tasks to queue
[2024-04-14T14:43:36.678+0000] {logging_mixin.py:188} INFO - [2024-04-14T14:43:36.677+0000] {dagbag.py:540} INFO - Filling up the DagBag from /opt/airflow/dags/hello_world.py
[2024-04-14T14:43:36.707+0000] {processor.py:840} INFO - DAG(s) 'hello_world' retrieved from /opt/airflow/dags/hello_world.py
[2024-04-14T14:43:36.741+0000] {logging_mixin.py:188} INFO - [2024-04-14T14:43:36.741+0000] {dag.py:3096} INFO - Sync 1 DAGs
[2024-04-14T14:43:36.793+0000] {processor.py:183} INFO - Processing /opt/airflow/dags/hello_world.py took 0.128 seconds
[2024-04-14T14:44:06.934+0000] {processor.py:161} INFO - Started process (PID=183) to work on /opt/airflow/dags/hello_world.py
[2024-04-14T14:44:06.936+0000] {processor.py:830} INFO - Processing file /opt/airflow/dags/hello_world.py for tasks to queue
[2024-04-14T14:44:06.955+0000] {logging_mixin.py:188} INFO - [2024-04-14T14:44:06.946+0000] {dagbag.py:540} INFO - Filling up the DagBag from /opt/airflow/dags/hello_world.py
[2024-04-14T14:44:07.042+0000] {processor.py:840} INFO - DAG(s) 'hello_world' retrieved from /opt/airflow/dags/hello_world.py
[2024-04-14T14:44:07.133+0000] {logging_mixin.py:188} INFO - [2024-04-14T14:44:07.132+0000] {dag.py:3096} INFO - Sync 1 DAGs
[2024-04-14T14:44:07.226+0000] {logging_mixin.py:188} INFO - [2024-04-14T14:44:07.226+0000] {dag.py:3954} INFO - Setting next_dagrun for hello_world to 2024-04-14 00:00:00+00:00, run_after=2024-04-15 00:00:00+00:00
[2024-04-14T14:44:07.258+0000] {processor.py:183} INFO - Processing /opt/airflow/dags/hello_world.py took 0.347 seconds
[2024-04-14T14:44:37.474+0000] {processor.py:161} INFO - Started process (PID=190) to work on /opt/airflow/dags/hello_world.py
[2024-04-14T14:44:37.475+0000] {processor.py:830} INFO - Processing file /opt/airflow/dags/hello_world.py for tasks to queue
[2024-04-14T14:44:37.477+0000] {logging_mixin.py:188} INFO - [2024-04-14T14:44:37.477+0000] {dagbag.py:540} INFO - Filling up the DagBag from /opt/airflow/dags/hello_world.py
[2024-04-14T14:44:37.506+0000] {processor.py:840} INFO - DAG(s) 'hello_world' retrieved from /opt/airflow/dags/hello_world.py
[2024-04-14T14:44:37.541+0000] {logging_mixin.py:188} INFO - [2024-04-14T14:44:37.541+0000] {dag.py:3096} INFO - Sync 1 DAGs
[2024-04-14T14:44:37.568+0000] {logging_mixin.py:188} INFO - [2024-04-14T14:44:37.568+0000] {dag.py:3954} INFO - Setting next_dagrun for hello_world to 2024-04-14 00:00:00+00:00, run_after=2024-04-15 00:00:00+00:00
[2024-04-14T14:44:37.594+0000] {processor.py:183} INFO - Processing /opt/airflow/dags/hello_world.py took 0.128 seconds
[2024-04-14T14:45:07.684+0000] {processor.py:161} INFO - Started process (PID=197) to work on /opt/airflow/dags/hello_world.py
[2024-04-14T14:45:07.686+0000] {processor.py:830} INFO - Processing file /opt/airflow/dags/hello_world.py for tasks to queue
[2024-04-14T14:45:07.688+0000] {logging_mixin.py:188} INFO - [2024-04-14T14:45:07.688+0000] {dagbag.py:540} INFO - Filling up the DagBag from /opt/airflow/dags/hello_world.py
[2024-04-14T14:45:07.715+0000] {processor.py:840} INFO - DAG(s) 'hello_world' retrieved from /opt/airflow/dags/hello_world.py
[2024-04-14T14:45:07.747+0000] {logging_mixin.py:188} INFO - [2024-04-14T14:45:07.747+0000] {dag.py:3096} INFO - Sync 1 DAGs
[2024-04-14T14:45:07.775+0000] {logging_mixin.py:188} INFO - [2024-04-14T14:45:07.775+0000] {dag.py:3954} INFO - Setting next_dagrun for hello_world to 2024-04-14 00:00:00+00:00, run_after=2024-04-15 00:00:00+00:00
[2024-04-14T14:45:07.802+0000] {processor.py:183} INFO - Processing /opt/airflow/dags/hello_world.py took 0.125 seconds
[2024-04-14T14:45:38.057+0000] {processor.py:161} INFO - Started process (PID=204) to work on /opt/airflow/dags/hello_world.py
[2024-04-14T14:45:38.058+0000] {processor.py:830} INFO - Processing file /opt/airflow/dags/hello_world.py for tasks to queue
[2024-04-14T14:45:38.061+0000] {logging_mixin.py:188} INFO - [2024-04-14T14:45:38.060+0000] {dagbag.py:540} INFO - Filling up the DagBag from /opt/airflow/dags/hello_world.py
[2024-04-14T14:45:38.084+0000] {processor.py:840} INFO - DAG(s) 'hello_world' retrieved from /opt/airflow/dags/hello_world.py
[2024-04-14T14:45:38.120+0000] {logging_mixin.py:188} INFO - [2024-04-14T14:45:38.120+0000] {dag.py:3096} INFO - Sync 1 DAGs
[2024-04-14T14:45:38.148+0000] {logging_mixin.py:188} INFO - [2024-04-14T14:45:38.148+0000] {dag.py:3954} INFO - Setting next_dagrun for hello_world to 2024-04-14 00:00:00+00:00, run_after=2024-04-15 00:00:00+00:00
[2024-04-14T14:45:38.175+0000] {processor.py:183} INFO - Processing /opt/airflow/dags/hello_world.py took 0.125 seconds
[2024-04-14T14:46:08.293+0000] {processor.py:161} INFO - Started process (PID=211) to work on /opt/airflow/dags/hello_world.py
[2024-04-14T14:46:08.295+0000] {processor.py:830} INFO - Processing file /opt/airflow/dags/hello_world.py for tasks to queue
[2024-04-14T14:46:08.297+0000] {logging_mixin.py:188} INFO - [2024-04-14T14:46:08.296+0000] {dagbag.py:540} INFO - Filling up the DagBag from /opt/airflow/dags/hello_world.py
[2024-04-14T14:46:08.323+0000] {processor.py:840} INFO - DAG(s) 'hello_world' retrieved from /opt/airflow/dags/hello_world.py
[2024-04-14T14:46:08.355+0000] {logging_mixin.py:188} INFO - [2024-04-14T14:46:08.355+0000] {dag.py:3096} INFO - Sync 1 DAGs
[2024-04-14T14:46:08.382+0000] {logging_mixin.py:188} INFO - [2024-04-14T14:46:08.382+0000] {dag.py:3954} INFO - Setting next_dagrun for hello_world to 2024-04-14 00:00:00+00:00, run_after=2024-04-15 00:00:00+00:00
[2024-04-14T14:46:08.406+0000] {processor.py:183} INFO - Processing /opt/airflow/dags/hello_world.py took 0.120 seconds
[2024-04-14T14:46:38.589+0000] {processor.py:161} INFO - Started process (PID=218) to work on /opt/airflow/dags/hello_world.py
[2024-04-14T14:46:38.590+0000] {processor.py:830} INFO - Processing file /opt/airflow/dags/hello_world.py for tasks to queue
[2024-04-14T14:46:38.592+0000] {logging_mixin.py:188} INFO - [2024-04-14T14:46:38.592+0000] {dagbag.py:540} INFO - Filling up the DagBag from /opt/airflow/dags/hello_world.py
[2024-04-14T14:46:38.620+0000] {processor.py:840} INFO - DAG(s) 'hello_world' retrieved from /opt/airflow/dags/hello_world.py
[2024-04-14T14:46:38.676+0000] {logging_mixin.py:188} INFO - [2024-04-14T14:46:38.676+0000] {dag.py:3096} INFO - Sync 1 DAGs
[2024-04-14T14:46:38.706+0000] {logging_mixin.py:188} INFO - [2024-04-14T14:46:38.706+0000] {dag.py:3954} INFO - Setting next_dagrun for hello_world to 2024-04-14 00:00:00+00:00, run_after=2024-04-15 00:00:00+00:00
[2024-04-14T14:46:38.733+0000] {processor.py:183} INFO - Processing /opt/airflow/dags/hello_world.py took 0.153 seconds
[2024-04-14T14:47:08.832+0000] {processor.py:161} INFO - Started process (PID=225) to work on /opt/airflow/dags/hello_world.py
[2024-04-14T14:47:08.834+0000] {processor.py:830} INFO - Processing file /opt/airflow/dags/hello_world.py for tasks to queue
[2024-04-14T14:47:08.836+0000] {logging_mixin.py:188} INFO - [2024-04-14T14:47:08.836+0000] {dagbag.py:540} INFO - Filling up the DagBag from /opt/airflow/dags/hello_world.py
[2024-04-14T14:47:08.887+0000] {processor.py:840} INFO - DAG(s) 'hello_world' retrieved from /opt/airflow/dags/hello_world.py
[2024-04-14T14:47:09.063+0000] {logging_mixin.py:188} INFO - [2024-04-14T14:47:09.062+0000] {dag.py:3096} INFO - Sync 1 DAGs
[2024-04-14T14:47:09.119+0000] {logging_mixin.py:188} INFO - [2024-04-14T14:47:09.119+0000] {dag.py:3954} INFO - Setting next_dagrun for hello_world to 2024-04-14 00:00:00+00:00, run_after=2024-04-15 00:00:00+00:00
[2024-04-14T14:47:09.150+0000] {processor.py:183} INFO - Processing /opt/airflow/dags/hello_world.py took 0.330 seconds
[2024-04-14T14:47:39.374+0000] {processor.py:161} INFO - Started process (PID=232) to work on /opt/airflow/dags/hello_world.py
[2024-04-14T14:47:39.375+0000] {processor.py:830} INFO - Processing file /opt/airflow/dags/hello_world.py for tasks to queue
[2024-04-14T14:47:39.378+0000] {logging_mixin.py:188} INFO - [2024-04-14T14:47:39.378+0000] {dagbag.py:540} INFO - Filling up the DagBag from /opt/airflow/dags/hello_world.py
[2024-04-14T14:47:39.410+0000] {processor.py:840} INFO - DAG(s) 'hello_world' retrieved from /opt/airflow/dags/hello_world.py
[2024-04-14T14:47:39.449+0000] {logging_mixin.py:188} INFO - [2024-04-14T14:47:39.448+0000] {dag.py:3096} INFO - Sync 1 DAGs
[2024-04-14T14:47:39.482+0000] {logging_mixin.py:188} INFO - [2024-04-14T14:47:39.482+0000] {dag.py:3954} INFO - Setting next_dagrun for hello_world to 2024-04-14 00:00:00+00:00, run_after=2024-04-15 00:00:00+00:00
[2024-04-14T14:47:39.513+0000] {processor.py:183} INFO - Processing /opt/airflow/dags/hello_world.py took 0.148 seconds
[2024-04-14T14:48:09.592+0000] {processor.py:161} INFO - Started process (PID=239) to work on /opt/airflow/dags/hello_world.py
[2024-04-14T14:48:09.593+0000] {processor.py:830} INFO - Processing file /opt/airflow/dags/hello_world.py for tasks to queue
[2024-04-14T14:48:09.597+0000] {logging_mixin.py:188} INFO - [2024-04-14T14:48:09.596+0000] {dagbag.py:540} INFO - Filling up the DagBag from /opt/airflow/dags/hello_world.py
[2024-04-14T14:48:09.629+0000] {processor.py:840} INFO - DAG(s) 'hello_world' retrieved from /opt/airflow/dags/hello_world.py
[2024-04-14T14:48:09.663+0000] {logging_mixin.py:188} INFO - [2024-04-14T14:48:09.663+0000] {dag.py:3096} INFO - Sync 1 DAGs
[2024-04-14T14:48:09.693+0000] {logging_mixin.py:188} INFO - [2024-04-14T14:48:09.693+0000] {dag.py:3954} INFO - Setting next_dagrun for hello_world to 2024-04-14 00:00:00+00:00, run_after=2024-04-15 00:00:00+00:00
[2024-04-14T14:48:09.726+0000] {processor.py:183} INFO - Processing /opt/airflow/dags/hello_world.py took 0.144 seconds
[2024-04-14T14:48:39.869+0000] {processor.py:161} INFO - Started process (PID=251) to work on /opt/airflow/dags/hello_world.py
[2024-04-14T14:48:39.870+0000] {processor.py:830} INFO - Processing file /opt/airflow/dags/hello_world.py for tasks to queue
[2024-04-14T14:48:39.872+0000] {logging_mixin.py:188} INFO - [2024-04-14T14:48:39.872+0000] {dagbag.py:540} INFO - Filling up the DagBag from /opt/airflow/dags/hello_world.py
[2024-04-14T14:48:39.895+0000] {processor.py:840} INFO - DAG(s) 'hello_world' retrieved from /opt/airflow/dags/hello_world.py
[2024-04-14T14:48:39.910+0000] {logging_mixin.py:188} INFO - [2024-04-14T14:48:39.910+0000] {dag.py:3096} INFO - Sync 1 DAGs
[2024-04-14T14:48:39.938+0000] {logging_mixin.py:188} INFO - [2024-04-14T14:48:39.938+0000] {dag.py:3954} INFO - Setting next_dagrun for hello_world to 2024-04-14 00:00:00+00:00, run_after=2024-04-15 00:00:00+00:00
[2024-04-14T14:48:39.963+0000] {processor.py:183} INFO - Processing /opt/airflow/dags/hello_world.py took 0.101 seconds
[2024-04-14T14:49:10.260+0000] {processor.py:161} INFO - Started process (PID=260) to work on /opt/airflow/dags/hello_world.py
[2024-04-14T14:49:10.262+0000] {processor.py:830} INFO - Processing file /opt/airflow/dags/hello_world.py for tasks to queue
[2024-04-14T14:49:10.265+0000] {logging_mixin.py:188} INFO - [2024-04-14T14:49:10.265+0000] {dagbag.py:540} INFO - Filling up the DagBag from /opt/airflow/dags/hello_world.py
[2024-04-14T14:49:10.292+0000] {processor.py:840} INFO - DAG(s) 'hello_world' retrieved from /opt/airflow/dags/hello_world.py
[2024-04-14T14:49:10.590+0000] {logging_mixin.py:188} INFO - [2024-04-14T14:49:10.590+0000] {dag.py:3096} INFO - Sync 1 DAGs
[2024-04-14T14:49:10.661+0000] {logging_mixin.py:188} INFO - [2024-04-14T14:49:10.661+0000] {dag.py:3954} INFO - Setting next_dagrun for hello_world to 2024-04-14 00:00:00+00:00, run_after=2024-04-15 00:00:00+00:00
[2024-04-14T14:49:10.688+0000] {processor.py:183} INFO - Processing /opt/airflow/dags/hello_world.py took 0.435 seconds
[2024-04-14T14:49:40.817+0000] {processor.py:161} INFO - Started process (PID=273) to work on /opt/airflow/dags/hello_world.py
[2024-04-14T14:49:40.819+0000] {processor.py:830} INFO - Processing file /opt/airflow/dags/hello_world.py for tasks to queue
[2024-04-14T14:49:40.821+0000] {logging_mixin.py:188} INFO - [2024-04-14T14:49:40.821+0000] {dagbag.py:540} INFO - Filling up the DagBag from /opt/airflow/dags/hello_world.py
[2024-04-14T14:49:40.846+0000] {processor.py:840} INFO - DAG(s) 'hello_world' retrieved from /opt/airflow/dags/hello_world.py
[2024-04-14T14:49:40.880+0000] {logging_mixin.py:188} INFO - [2024-04-14T14:49:40.879+0000] {dag.py:3096} INFO - Sync 1 DAGs
[2024-04-14T14:49:40.912+0000] {logging_mixin.py:188} INFO - [2024-04-14T14:49:40.911+0000] {dag.py:3954} INFO - Setting next_dagrun for hello_world to 2024-04-14 00:00:00+00:00, run_after=2024-04-15 00:00:00+00:00
[2024-04-14T14:49:40.937+0000] {processor.py:183} INFO - Processing /opt/airflow/dags/hello_world.py took 0.127 seconds
[2024-04-14T14:50:11.013+0000] {processor.py:161} INFO - Started process (PID=282) to work on /opt/airflow/dags/hello_world.py
[2024-04-14T14:50:11.016+0000] {processor.py:830} INFO - Processing file /opt/airflow/dags/hello_world.py for tasks to queue
[2024-04-14T14:50:11.020+0000] {logging_mixin.py:188} INFO - [2024-04-14T14:50:11.019+0000] {dagbag.py:540} INFO - Filling up the DagBag from /opt/airflow/dags/hello_world.py
[2024-04-14T14:50:11.049+0000] {processor.py:840} INFO - DAG(s) 'hello_world' retrieved from /opt/airflow/dags/hello_world.py
[2024-04-14T14:50:11.075+0000] {logging_mixin.py:188} INFO - [2024-04-14T14:50:11.075+0000] {dag.py:3096} INFO - Sync 1 DAGs
[2024-04-14T14:50:11.114+0000] {logging_mixin.py:188} INFO - [2024-04-14T14:50:11.114+0000] {dag.py:3954} INFO - Setting next_dagrun for hello_world to 2024-04-14 00:00:00+00:00, run_after=2024-04-15 00:00:00+00:00
[2024-04-14T14:50:11.143+0000] {processor.py:183} INFO - Processing /opt/airflow/dags/hello_world.py took 0.140 seconds
[2024-04-14T14:50:41.414+0000] {processor.py:161} INFO - Started process (PID=291) to work on /opt/airflow/dags/hello_world.py
[2024-04-14T14:50:41.415+0000] {processor.py:830} INFO - Processing file /opt/airflow/dags/hello_world.py for tasks to queue
[2024-04-14T14:50:41.419+0000] {logging_mixin.py:188} INFO - [2024-04-14T14:50:41.418+0000] {dagbag.py:540} INFO - Filling up the DagBag from /opt/airflow/dags/hello_world.py
[2024-04-14T14:50:41.452+0000] {processor.py:840} INFO - DAG(s) 'hello_world' retrieved from /opt/airflow/dags/hello_world.py
[2024-04-14T14:50:41.609+0000] {logging_mixin.py:188} INFO - [2024-04-14T14:50:41.608+0000] {dag.py:3096} INFO - Sync 1 DAGs
[2024-04-14T14:50:41.637+0000] {logging_mixin.py:188} INFO - [2024-04-14T14:50:41.636+0000] {dag.py:3954} INFO - Setting next_dagrun for hello_world to 2024-04-14 00:00:00+00:00, run_after=2024-04-15 00:00:00+00:00
[2024-04-14T14:50:41.663+0000] {processor.py:183} INFO - Processing /opt/airflow/dags/hello_world.py took 0.257 seconds
[2024-04-14T14:51:11.937+0000] {processor.py:161} INFO - Started process (PID=300) to work on /opt/airflow/dags/hello_world.py
[2024-04-14T14:51:11.939+0000] {processor.py:830} INFO - Processing file /opt/airflow/dags/hello_world.py for tasks to queue
[2024-04-14T14:51:11.941+0000] {logging_mixin.py:188} INFO - [2024-04-14T14:51:11.941+0000] {dagbag.py:540} INFO - Filling up the DagBag from /opt/airflow/dags/hello_world.py
[2024-04-14T14:51:11.966+0000] {processor.py:840} INFO - DAG(s) 'hello_world' retrieved from /opt/airflow/dags/hello_world.py
[2024-04-14T14:51:11.998+0000] {logging_mixin.py:188} INFO - [2024-04-14T14:51:11.998+0000] {dag.py:3096} INFO - Sync 1 DAGs
[2024-04-14T14:51:12.025+0000] {logging_mixin.py:188} INFO - [2024-04-14T14:51:12.024+0000] {dag.py:3954} INFO - Setting next_dagrun for hello_world to 2024-04-14 00:00:00+00:00, run_after=2024-04-15 00:00:00+00:00
[2024-04-14T14:51:12.049+0000] {processor.py:183} INFO - Processing /opt/airflow/dags/hello_world.py took 0.120 seconds
[2024-04-14T14:51:42.357+0000] {processor.py:161} INFO - Started process (PID=309) to work on /opt/airflow/dags/hello_world.py
[2024-04-14T14:51:42.358+0000] {processor.py:830} INFO - Processing file /opt/airflow/dags/hello_world.py for tasks to queue
[2024-04-14T14:51:42.361+0000] {logging_mixin.py:188} INFO - [2024-04-14T14:51:42.360+0000] {dagbag.py:540} INFO - Filling up the DagBag from /opt/airflow/dags/hello_world.py
[2024-04-14T14:51:42.386+0000] {processor.py:840} INFO - DAG(s) 'hello_world' retrieved from /opt/airflow/dags/hello_world.py
[2024-04-14T14:51:42.402+0000] {logging_mixin.py:188} INFO - [2024-04-14T14:51:42.401+0000] {dag.py:3096} INFO - Sync 1 DAGs
[2024-04-14T14:51:42.430+0000] {logging_mixin.py:188} INFO - [2024-04-14T14:51:42.430+0000] {dag.py:3954} INFO - Setting next_dagrun for hello_world to 2024-04-14 00:00:00+00:00, run_after=2024-04-15 00:00:00+00:00
[2024-04-14T14:51:42.464+0000] {processor.py:183} INFO - Processing /opt/airflow/dags/hello_world.py took 0.113 seconds
[2024-04-14T14:52:12.810+0000] {processor.py:161} INFO - Started process (PID=318) to work on /opt/airflow/dags/hello_world.py
[2024-04-14T14:52:12.811+0000] {processor.py:830} INFO - Processing file /opt/airflow/dags/hello_world.py for tasks to queue
[2024-04-14T14:52:12.813+0000] {logging_mixin.py:188} INFO - [2024-04-14T14:52:12.813+0000] {dagbag.py:540} INFO - Filling up the DagBag from /opt/airflow/dags/hello_world.py
[2024-04-14T14:52:12.837+0000] {processor.py:840} INFO - DAG(s) 'hello_world' retrieved from /opt/airflow/dags/hello_world.py
[2024-04-14T14:52:12.963+0000] {logging_mixin.py:188} INFO - [2024-04-14T14:52:12.963+0000] {dag.py:3096} INFO - Sync 1 DAGs
[2024-04-14T14:52:12.987+0000] {logging_mixin.py:188} INFO - [2024-04-14T14:52:12.987+0000] {dag.py:3954} INFO - Setting next_dagrun for hello_world to 2024-04-14 00:00:00+00:00, run_after=2024-04-15 00:00:00+00:00
[2024-04-14T14:52:13.016+0000] {processor.py:183} INFO - Processing /opt/airflow/dags/hello_world.py took 0.219 seconds
[2024-04-14T14:52:43.287+0000] {processor.py:161} INFO - Started process (PID=327) to work on /opt/airflow/dags/hello_world.py
[2024-04-14T14:52:43.288+0000] {processor.py:830} INFO - Processing file /opt/airflow/dags/hello_world.py for tasks to queue
[2024-04-14T14:52:43.290+0000] {logging_mixin.py:188} INFO - [2024-04-14T14:52:43.290+0000] {dagbag.py:540} INFO - Filling up the DagBag from /opt/airflow/dags/hello_world.py
[2024-04-14T14:52:43.313+0000] {processor.py:840} INFO - DAG(s) 'hello_world' retrieved from /opt/airflow/dags/hello_world.py
[2024-04-14T14:52:43.345+0000] {logging_mixin.py:188} INFO - [2024-04-14T14:52:43.345+0000] {dag.py:3096} INFO - Sync 1 DAGs
[2024-04-14T14:52:43.373+0000] {logging_mixin.py:188} INFO - [2024-04-14T14:52:43.372+0000] {dag.py:3954} INFO - Setting next_dagrun for hello_world to 2024-04-14 00:00:00+00:00, run_after=2024-04-15 00:00:00+00:00
[2024-04-14T14:52:43.399+0000] {processor.py:183} INFO - Processing /opt/airflow/dags/hello_world.py took 0.120 seconds
[2024-04-14T14:53:13.686+0000] {processor.py:161} INFO - Started process (PID=336) to work on /opt/airflow/dags/hello_world.py
[2024-04-14T14:53:13.688+0000] {processor.py:830} INFO - Processing file /opt/airflow/dags/hello_world.py for tasks to queue
[2024-04-14T14:53:13.691+0000] {logging_mixin.py:188} INFO - [2024-04-14T14:53:13.690+0000] {dagbag.py:540} INFO - Filling up the DagBag from /opt/airflow/dags/hello_world.py
[2024-04-14T14:53:13.715+0000] {processor.py:840} INFO - DAG(s) 'hello_world' retrieved from /opt/airflow/dags/hello_world.py
[2024-04-14T14:53:13.730+0000] {logging_mixin.py:188} INFO - [2024-04-14T14:53:13.729+0000] {dag.py:3096} INFO - Sync 1 DAGs
[2024-04-14T14:53:13.763+0000] {logging_mixin.py:188} INFO - [2024-04-14T14:53:13.762+0000] {dag.py:3954} INFO - Setting next_dagrun for hello_world to 2024-04-14 00:00:00+00:00, run_after=2024-04-15 00:00:00+00:00
[2024-04-14T14:53:13.792+0000] {processor.py:183} INFO - Processing /opt/airflow/dags/hello_world.py took 0.113 seconds
[2024-04-14T14:53:44.151+0000] {processor.py:161} INFO - Started process (PID=347) to work on /opt/airflow/dags/hello_world.py
[2024-04-14T14:53:44.152+0000] {processor.py:830} INFO - Processing file /opt/airflow/dags/hello_world.py for tasks to queue
[2024-04-14T14:53:44.155+0000] {logging_mixin.py:188} INFO - [2024-04-14T14:53:44.154+0000] {dagbag.py:540} INFO - Filling up the DagBag from /opt/airflow/dags/hello_world.py
[2024-04-14T14:53:44.177+0000] {processor.py:840} INFO - DAG(s) 'hello_world' retrieved from /opt/airflow/dags/hello_world.py
[2024-04-14T14:53:44.311+0000] {logging_mixin.py:188} INFO - [2024-04-14T14:53:44.311+0000] {dag.py:3096} INFO - Sync 1 DAGs
[2024-04-14T14:53:44.340+0000] {logging_mixin.py:188} INFO - [2024-04-14T14:53:44.340+0000] {dag.py:3954} INFO - Setting next_dagrun for hello_world to 2024-04-14 00:00:00+00:00, run_after=2024-04-15 00:00:00+00:00
[2024-04-14T14:53:44.375+0000] {processor.py:183} INFO - Processing /opt/airflow/dags/hello_world.py took 0.232 seconds
[2024-04-14T14:54:14.642+0000] {processor.py:161} INFO - Started process (PID=356) to work on /opt/airflow/dags/hello_world.py
[2024-04-14T14:54:14.643+0000] {processor.py:830} INFO - Processing file /opt/airflow/dags/hello_world.py for tasks to queue
[2024-04-14T14:54:14.646+0000] {logging_mixin.py:188} INFO - [2024-04-14T14:54:14.645+0000] {dagbag.py:540} INFO - Filling up the DagBag from /opt/airflow/dags/hello_world.py
[2024-04-14T14:54:14.671+0000] {processor.py:840} INFO - DAG(s) 'hello_world' retrieved from /opt/airflow/dags/hello_world.py
[2024-04-14T14:54:14.704+0000] {logging_mixin.py:188} INFO - [2024-04-14T14:54:14.704+0000] {dag.py:3096} INFO - Sync 1 DAGs
[2024-04-14T14:54:14.734+0000] {logging_mixin.py:188} INFO - [2024-04-14T14:54:14.733+0000] {dag.py:3954} INFO - Setting next_dagrun for hello_world to 2024-04-14 00:00:00+00:00, run_after=2024-04-15 00:00:00+00:00
[2024-04-14T14:54:14.763+0000] {processor.py:183} INFO - Processing /opt/airflow/dags/hello_world.py took 0.128 seconds
[2024-04-14T14:54:45.454+0000] {processor.py:161} INFO - Started process (PID=367) to work on /opt/airflow/dags/hello_world.py
[2024-04-14T14:54:45.455+0000] {processor.py:830} INFO - Processing file /opt/airflow/dags/hello_world.py for tasks to queue
[2024-04-14T14:54:45.457+0000] {logging_mixin.py:188} INFO - [2024-04-14T14:54:45.457+0000] {dagbag.py:540} INFO - Filling up the DagBag from /opt/airflow/dags/hello_world.py
[2024-04-14T14:54:45.478+0000] {processor.py:840} INFO - DAG(s) 'hello_world' retrieved from /opt/airflow/dags/hello_world.py
[2024-04-14T14:54:45.607+0000] {logging_mixin.py:188} INFO - [2024-04-14T14:54:45.607+0000] {dag.py:3096} INFO - Sync 1 DAGs
[2024-04-14T14:54:45.630+0000] {logging_mixin.py:188} INFO - [2024-04-14T14:54:45.630+0000] {dag.py:3954} INFO - Setting next_dagrun for hello_world to 2024-04-14 00:00:00+00:00, run_after=2024-04-15 00:00:00+00:00
[2024-04-14T14:54:45.658+0000] {processor.py:183} INFO - Processing /opt/airflow/dags/hello_world.py took 0.211 seconds
[2024-04-14T14:55:15.962+0000] {processor.py:161} INFO - Started process (PID=378) to work on /opt/airflow/dags/hello_world.py
[2024-04-14T14:55:15.964+0000] {processor.py:830} INFO - Processing file /opt/airflow/dags/hello_world.py for tasks to queue
[2024-04-14T14:55:15.966+0000] {logging_mixin.py:188} INFO - [2024-04-14T14:55:15.966+0000] {dagbag.py:540} INFO - Filling up the DagBag from /opt/airflow/dags/hello_world.py
[2024-04-14T14:55:15.999+0000] {processor.py:840} INFO - DAG(s) 'hello_world' retrieved from /opt/airflow/dags/hello_world.py
[2024-04-14T14:55:16.030+0000] {logging_mixin.py:188} INFO - [2024-04-14T14:55:16.030+0000] {dag.py:3096} INFO - Sync 1 DAGs
[2024-04-14T14:55:16.119+0000] {logging_mixin.py:188} INFO - [2024-04-14T14:55:16.119+0000] {dag.py:3954} INFO - Setting next_dagrun for hello_world to 2024-04-14 00:00:00+00:00, run_after=2024-04-15 00:00:00+00:00
[2024-04-14T14:55:16.163+0000] {processor.py:183} INFO - Processing /opt/airflow/dags/hello_world.py took 0.208 seconds
[2024-04-14T14:55:46.464+0000] {processor.py:161} INFO - Started process (PID=387) to work on /opt/airflow/dags/hello_world.py
[2024-04-14T14:55:46.465+0000] {processor.py:830} INFO - Processing file /opt/airflow/dags/hello_world.py for tasks to queue
[2024-04-14T14:55:46.467+0000] {logging_mixin.py:188} INFO - [2024-04-14T14:55:46.467+0000] {dagbag.py:540} INFO - Filling up the DagBag from /opt/airflow/dags/hello_world.py
[2024-04-14T14:55:46.495+0000] {processor.py:840} INFO - DAG(s) 'hello_world' retrieved from /opt/airflow/dags/hello_world.py
[2024-04-14T14:55:46.527+0000] {logging_mixin.py:188} INFO - [2024-04-14T14:55:46.526+0000] {dag.py:3096} INFO - Sync 1 DAGs
[2024-04-14T14:55:46.555+0000] {logging_mixin.py:188} INFO - [2024-04-14T14:55:46.555+0000] {dag.py:3954} INFO - Setting next_dagrun for hello_world to 2024-04-14 00:00:00+00:00, run_after=2024-04-15 00:00:00+00:00
[2024-04-14T14:55:46.581+0000] {processor.py:183} INFO - Processing /opt/airflow/dags/hello_world.py took 0.125 seconds
[2024-04-14T14:56:16.977+0000] {processor.py:161} INFO - Started process (PID=398) to work on /opt/airflow/dags/hello_world.py
[2024-04-14T14:56:16.979+0000] {processor.py:830} INFO - Processing file /opt/airflow/dags/hello_world.py for tasks to queue
[2024-04-14T14:56:16.982+0000] {logging_mixin.py:188} INFO - [2024-04-14T14:56:16.981+0000] {dagbag.py:540} INFO - Filling up the DagBag from /opt/airflow/dags/hello_world.py
[2024-04-14T14:56:17.012+0000] {processor.py:840} INFO - DAG(s) 'hello_world' retrieved from /opt/airflow/dags/hello_world.py
[2024-04-14T14:56:17.062+0000] {logging_mixin.py:188} INFO - [2024-04-14T14:56:17.062+0000] {dag.py:3096} INFO - Sync 1 DAGs
[2024-04-14T14:56:17.113+0000] {logging_mixin.py:188} INFO - [2024-04-14T14:56:17.113+0000] {dag.py:3954} INFO - Setting next_dagrun for hello_world to 2024-04-14 00:00:00+00:00, run_after=2024-04-15 00:00:00+00:00
[2024-04-14T14:56:17.174+0000] {processor.py:183} INFO - Processing /opt/airflow/dags/hello_world.py took 0.207 seconds
[2024-04-14T14:56:47.375+0000] {processor.py:161} INFO - Started process (PID=408) to work on /opt/airflow/dags/hello_world.py
[2024-04-14T14:56:47.377+0000] {processor.py:830} INFO - Processing file /opt/airflow/dags/hello_world.py for tasks to queue
[2024-04-14T14:56:47.380+0000] {logging_mixin.py:188} INFO - [2024-04-14T14:56:47.380+0000] {dagbag.py:540} INFO - Filling up the DagBag from /opt/airflow/dags/hello_world.py
[2024-04-14T14:56:47.417+0000] {processor.py:840} INFO - DAG(s) 'hello_world' retrieved from /opt/airflow/dags/hello_world.py
[2024-04-14T14:56:47.459+0000] {logging_mixin.py:188} INFO - [2024-04-14T14:56:47.459+0000] {dag.py:3096} INFO - Sync 1 DAGs
[2024-04-14T14:56:47.489+0000] {logging_mixin.py:188} INFO - [2024-04-14T14:56:47.488+0000] {dag.py:3954} INFO - Setting next_dagrun for hello_world to 2024-04-14 00:00:00+00:00, run_after=2024-04-15 00:00:00+00:00
[2024-04-14T14:56:47.516+0000] {processor.py:183} INFO - Processing /opt/airflow/dags/hello_world.py took 0.149 seconds
[2024-04-14T14:57:17.643+0000] {processor.py:161} INFO - Started process (PID=417) to work on /opt/airflow/dags/hello_world.py
[2024-04-14T14:57:17.644+0000] {processor.py:830} INFO - Processing file /opt/airflow/dags/hello_world.py for tasks to queue
[2024-04-14T14:57:17.647+0000] {logging_mixin.py:188} INFO - [2024-04-14T14:57:17.647+0000] {dagbag.py:540} INFO - Filling up the DagBag from /opt/airflow/dags/hello_world.py
[2024-04-14T14:57:17.675+0000] {processor.py:840} INFO - DAG(s) 'hello_world' retrieved from /opt/airflow/dags/hello_world.py
[2024-04-14T14:57:17.721+0000] {logging_mixin.py:188} INFO - [2024-04-14T14:57:17.721+0000] {dag.py:3096} INFO - Sync 1 DAGs
[2024-04-14T14:57:17.757+0000] {logging_mixin.py:188} INFO - [2024-04-14T14:57:17.757+0000] {dag.py:3954} INFO - Setting next_dagrun for hello_world to 2024-04-14 00:00:00+00:00, run_after=2024-04-15 00:00:00+00:00
[2024-04-14T14:57:17.788+0000] {processor.py:183} INFO - Processing /opt/airflow/dags/hello_world.py took 0.153 seconds
[2024-04-14T14:57:48.071+0000] {processor.py:161} INFO - Started process (PID=426) to work on /opt/airflow/dags/hello_world.py
[2024-04-14T14:57:48.072+0000] {processor.py:830} INFO - Processing file /opt/airflow/dags/hello_world.py for tasks to queue
[2024-04-14T14:57:48.075+0000] {logging_mixin.py:188} INFO - [2024-04-14T14:57:48.074+0000] {dagbag.py:540} INFO - Filling up the DagBag from /opt/airflow/dags/hello_world.py
[2024-04-14T14:57:48.108+0000] {processor.py:840} INFO - DAG(s) 'hello_world' retrieved from /opt/airflow/dags/hello_world.py
[2024-04-14T14:57:48.149+0000] {logging_mixin.py:188} INFO - [2024-04-14T14:57:48.149+0000] {dag.py:3096} INFO - Sync 1 DAGs
[2024-04-14T14:57:48.190+0000] {logging_mixin.py:188} INFO - [2024-04-14T14:57:48.189+0000] {dag.py:3954} INFO - Setting next_dagrun for hello_world to 2024-04-14 00:00:00+00:00, run_after=2024-04-15 00:00:00+00:00
[2024-04-14T14:57:48.221+0000] {processor.py:183} INFO - Processing /opt/airflow/dags/hello_world.py took 0.160 seconds
[2024-04-14T14:58:36.179+0000] {processor.py:161} INFO - Started process (PID=428) to work on /opt/airflow/dags/hello_world.py
[2024-04-14T14:58:37.536+0000] {processor.py:830} INFO - Processing file /opt/airflow/dags/hello_world.py for tasks to queue
[2024-04-14T14:58:37.568+0000] {logging_mixin.py:188} INFO - [2024-04-14T14:58:37.539+0000] {dagbag.py:540} INFO - Filling up the DagBag from /opt/airflow/dags/hello_world.py
[2024-04-14T14:58:37.733+0000] {processor.py:840} INFO - DAG(s) 'hello_world' retrieved from /opt/airflow/dags/hello_world.py
[2024-04-14T14:58:37.911+0000] {logging_mixin.py:188} INFO - [2024-04-14T14:58:37.907+0000] {dag.py:3096} INFO - Sync 1 DAGs
[2024-04-14T14:58:37.959+0000] {logging_mixin.py:188} INFO - [2024-04-14T14:58:37.958+0000] {dag.py:3954} INFO - Setting next_dagrun for hello_world to 2024-04-14 00:00:00+00:00, run_after=2024-04-15 00:00:00+00:00
[2024-04-14T14:58:38.001+0000] {processor.py:183} INFO - Processing /opt/airflow/dags/hello_world.py took 13.232 seconds
[2024-04-14T15:00:36.517+0000] {processor.py:161} INFO - Started process (PID=431) to work on /opt/airflow/dags/hello_world.py
[2024-04-14T15:00:36.519+0000] {processor.py:830} INFO - Processing file /opt/airflow/dags/hello_world.py for tasks to queue
[2024-04-14T15:00:36.522+0000] {logging_mixin.py:188} INFO - [2024-04-14T15:00:36.521+0000] {dagbag.py:540} INFO - Filling up the DagBag from /opt/airflow/dags/hello_world.py
[2024-04-14T15:00:36.552+0000] {processor.py:840} INFO - DAG(s) 'hello_world' retrieved from /opt/airflow/dags/hello_world.py
[2024-04-14T15:00:36.671+0000] {logging_mixin.py:188} INFO - [2024-04-14T15:00:36.671+0000] {dag.py:3096} INFO - Sync 1 DAGs
[2024-04-14T15:00:36.729+0000] {logging_mixin.py:188} INFO - [2024-04-14T15:00:36.728+0000] {dag.py:3954} INFO - Setting next_dagrun for hello_world to 2024-04-14 00:00:00+00:00, run_after=2024-04-15 00:00:00+00:00
[2024-04-14T15:00:36.760+0000] {processor.py:183} INFO - Processing /opt/airflow/dags/hello_world.py took 0.255 seconds
