[2024-04-14T14:44:01.695+0000] {local_task_job_runner.py:120} INFO - ::group::Pre task execution logs
[2024-04-14T14:44:01.722+0000] {taskinstance.py:2073} INFO - Dependencies all met for dep_context=non-requeueable deps ti=<TaskInstance: hello_world.hello_world manual__2024-04-14T14:43:56.361636+00:00 [queued]>
[2024-04-14T14:44:01.731+0000] {taskinstance.py:2073} INFO - Dependencies all met for dep_context=requeueable deps ti=<TaskInstance: hello_world.hello_world manual__2024-04-14T14:43:56.361636+00:00 [queued]>
[2024-04-14T14:44:01.733+0000] {taskinstance.py:2303} INFO - Starting attempt 1 of 1
[2024-04-14T14:44:01.751+0000] {taskinstance.py:2327} INFO - Executing <Task(BashOperator): hello_world> on 2024-04-14 14:43:56.361636+00:00
[2024-04-14T14:44:01.756+0000] {warnings.py:110} WARNING - /home/***/.local/lib/python3.12/site-packages/***/task/task_runner/standard_task_runner.py:61: DeprecationWarning: This process (pid=188) is multi-threaded, use of fork() may lead to deadlocks in the child.
  pid = os.fork()

[2024-04-14T14:44:01.758+0000] {standard_task_runner.py:63} INFO - Started process 189 to run task
[2024-04-14T14:44:01.758+0000] {standard_task_runner.py:90} INFO - Running: ['***', 'tasks', 'run', 'hello_world', 'hello_world', 'manual__2024-04-14T14:43:56.361636+00:00', '--job-id', '5', '--raw', '--subdir', 'DAGS_FOLDER/hello_world.py', '--cfg-path', '/tmp/tmpyx1zv7jf']
[2024-04-14T14:44:01.761+0000] {standard_task_runner.py:91} INFO - Job 5: Subtask hello_world
[2024-04-14T14:44:01.814+0000] {task_command.py:426} INFO - Running <TaskInstance: hello_world.hello_world manual__2024-04-14T14:43:56.361636+00:00 [running]> on host 8622fa8cbed1
[2024-04-14T14:44:01.917+0000] {taskinstance.py:2644} INFO - Exporting env vars: AIRFLOW_CTX_DAG_OWNER='alexeevkv' AIRFLOW_CTX_DAG_ID='hello_world' AIRFLOW_CTX_TASK_ID='hello_world' AIRFLOW_CTX_EXECUTION_DATE='2024-04-14T14:43:56.361636+00:00' AIRFLOW_CTX_TRY_NUMBER='1' AIRFLOW_CTX_DAG_RUN_ID='manual__2024-04-14T14:43:56.361636+00:00'
[2024-04-14T14:44:01.919+0000] {taskinstance.py:430} INFO - ::endgroup::
[2024-04-14T14:44:01.934+0000] {subprocess.py:63} INFO - Tmp dir root location: /tmp
[2024-04-14T14:44:01.936+0000] {subprocess.py:75} INFO - Running command: ['/usr/bin/bash', '-c', 'echo hello world!']
[2024-04-14T14:44:01.946+0000] {subprocess.py:86} INFO - Output:
[2024-04-14T14:44:01.948+0000] {subprocess.py:93} INFO - hello world!
[2024-04-14T14:44:01.949+0000] {subprocess.py:97} INFO - Command exited with return code 0
[2024-04-14T14:44:01.950+0000] {taskinstance.py:441} INFO - ::group::Post task execution logs
[2024-04-14T14:44:01.980+0000] {taskinstance.py:1205} INFO - Marking task as SUCCESS. dag_id=hello_world, task_id=hello_world, execution_date=20240414T144356, start_date=20240414T144401, end_date=20240414T144401
[2024-04-14T14:44:02.013+0000] {local_task_job_runner.py:240} INFO - Task exited with return code 0
[2024-04-14T14:44:02.034+0000] {taskinstance.py:3482} INFO - 0 downstream tasks scheduled from follow-on schedule check
[2024-04-14T14:44:02.037+0000] {local_task_job_runner.py:222} INFO - ::endgroup::
